TN:
SF:src/jsx/analytics.jsx
FN:17,(anonymous_0)
FN:29,(anonymous_1)
FN:46,(anonymous_2)
FN:73,(anonymous_3)
FN:77,(anonymous_4)
FNF:5
FNH:4
FNDA:10,(anonymous_0)
FNDA:5,(anonymous_1)
FNDA:2,(anonymous_2)
FNDA:5,(anonymous_3)
FNDA:0,(anonymous_4)
DA:14,77
DA:17,77
DA:18,10
DA:19,10
DA:20,2
DA:22,8
DA:25,77
DA:31,5
DA:32,5
DA:33,5
DA:38,5
DA:40,5
DA:47,2
DA:51,2
DA:53,2
DA:56,2
DA:74,5
DA:78,0
LF:18
LH:17
BRDA:19,0,0,2
BRDA:19,0,1,8
BRDA:19,1,0,10
BRDA:19,1,1,4
BRDA:32,2,0,5
BRDA:32,2,1,0
BRF:6
BRH:5
end_of_record
TN:
SF:src/jsx/auth.jsx
FN:17,(anonymous_0)
FN:26,(anonymous_1)
FN:29,(anonymous_2)
FN:32,(anonymous_3)
FN:36,(anonymous_4)
FN:74,(anonymous_5)
FN:97,(anonymous_6)
FN:125,(anonymous_7)
FN:137,(anonymous_8)
FN:141,(anonymous_9)
FN:145,(anonymous_10)
FN:156,(anonymous_11)
FN:160,(anonymous_12)
FN:163,(anonymous_13)
FN:166,(anonymous_14)
FN:176,(anonymous_15)
FN:185,(anonymous_16)
FN:186,(anonymous_17)
FN:189,(anonymous_18)
FN:193,(anonymous_19)
FN:197,(anonymous_20)
FN:200,(anonymous_21)
FN:203,(anonymous_22)
FN:208,(anonymous_23)
FN:219,(anonymous_24)
FN:223,(anonymous_25)
FN:231,(anonymous_26)
FN:234,(anonymous_27)
FN:239,(anonymous_28)
FN:247,(anonymous_29)
FN:251,(anonymous_30)
FN:258,(anonymous_31)
FN:262,(anonymous_32)
FN:264,(anonymous_33)
FN:266,(anonymous_34)
FN:268,(anonymous_35)
FN:270,(anonymous_36)
FN:290,(anonymous_37)
FN:293,(anonymous_38)
FN:296,(anonymous_39)
FN:299,(anonymous_40)
FN:304,(anonymous_41)
FN:307,(anonymous_42)
FNF:43
FNH:22
FNDA:29,(anonymous_0)
FNDA:7,(anonymous_1)
FNDA:5,(anonymous_2)
FNDA:3,(anonymous_3)
FNDA:5,(anonymous_4)
FNDA:0,(anonymous_5)
FNDA:0,(anonymous_6)
FNDA:0,(anonymous_7)
FNDA:40,(anonymous_8)
FNDA:13,(anonymous_9)
FNDA:41,(anonymous_10)
FNDA:0,(anonymous_11)
FNDA:8,(anonymous_12)
FNDA:5,(anonymous_13)
FNDA:3,(anonymous_14)
FNDA:21,(anonymous_15)
FNDA:0,(anonymous_16)
FNDA:0,(anonymous_17)
FNDA:46,(anonymous_18)
FNDA:0,(anonymous_19)
FNDA:6,(anonymous_20)
FNDA:5,(anonymous_21)
FNDA:3,(anonymous_22)
FNDA:3,(anonymous_23)
FNDA:0,(anonymous_24)
FNDA:0,(anonymous_25)
FNDA:0,(anonymous_26)
FNDA:0,(anonymous_27)
FNDA:5,(anonymous_28)
FNDA:9,(anonymous_29)
FNDA:0,(anonymous_30)
FNDA:6,(anonymous_31)
FNDA:0,(anonymous_32)
FNDA:0,(anonymous_33)
FNDA:0,(anonymous_34)
FNDA:21,(anonymous_35)
FNDA:0,(anonymous_36)
FNDA:10,(anonymous_37)
FNDA:0,(anonymous_38)
FNDA:0,(anonymous_39)
FNDA:0,(anonymous_40)
FNDA:0,(anonymous_41)
FNDA:0,(anonymous_42)
DA:13,69
DA:15,69
DA:18,29
DA:19,7
DA:21,22
DA:26,7
DA:37,5
DA:38,1
DA:39,1
DA:40,1
DA:41,1
DA:44,4
DA:46,4
DA:51,4
DA:52,3
DA:54,3
DA:55,3
DA:56,3
DA:57,2
DA:58,2
DA:60,1
DA:62,3
DA:64,1
DA:65,1
DA:66,1
DA:67,1
DA:68,1
DA:76,0
DA:79,0
DA:82,0
DA:84,0
DA:85,0
DA:88,0
DA:89,0
DA:90,0
DA:91,0
DA:94,0
DA:98,0
DA:99,0
DA:107,0
DA:108,0
DA:109,0
DA:110,0
DA:111,0
DA:115,0
DA:116,0
DA:117,0
DA:118,0
DA:122,0
DA:126,0
DA:127,0
DA:128,0
DA:130,0
DA:133,0
DA:138,40
DA:142,13
DA:146,41
DA:148,41
DA:157,0
DA:161,8
DA:164,5
DA:167,3
DA:177,21
DA:186,0
DA:190,46
DA:194,0
DA:198,6
DA:201,5
DA:204,3
DA:206,3
DA:209,3
DA:220,0
DA:224,0
DA:232,0
DA:236,0
DA:240,5
DA:248,9
DA:252,0
DA:255,0
DA:259,6
DA:262,0
DA:264,0
DA:266,0
DA:268,21
DA:272,0
DA:273,0
DA:274,0
DA:278,0
DA:279,0
DA:281,0
DA:285,0
DA:290,10
DA:293,0
DA:296,0
DA:300,0
DA:304,0
DA:308,0
LF:97
LH:46
BRDA:18,0,0,7
BRDA:18,0,1,22
BRDA:19,1,0,7
BRDA:19,1,1,7
BRDA:37,2,0,1
BRDA:37,2,1,4
BRDA:38,3,0,1
BRDA:38,3,1,0
BRDA:40,4,0,1
BRDA:40,4,1,1
BRDA:44,5,0,0
BRDA:44,5,1,4
BRDA:44,6,0,4
BRDA:44,6,1,4
BRDA:51,7,0,3
BRDA:51,7,1,1
BRDA:55,8,0,3
BRDA:55,8,1,0
BRDA:56,9,0,2
BRDA:56,9,1,1
BRDA:65,10,0,1
BRDA:65,10,1,0
BRDA:84,11,0,0
BRDA:84,11,1,0
BRDA:88,12,0,0
BRDA:88,12,1,0
BRDA:98,13,0,0
BRDA:98,13,1,0
BRDA:107,14,0,0
BRDA:107,14,1,0
BRDA:107,15,0,0
BRDA:107,15,1,0
BRDA:110,16,0,0
BRDA:110,16,1,0
BRDA:115,17,0,0
BRDA:115,17,1,0
BRDA:118,18,0,0
BRDA:118,18,1,0
BRDA:126,19,0,0
BRDA:126,19,1,0
BRDA:127,20,0,0
BRDA:127,20,1,0
BRDA:138,21,0,40
BRDA:138,21,1,40
BRDA:146,22,0,0
BRDA:146,22,1,41
BRDA:206,23,0,0
BRDA:206,23,1,3
BRDA:220,24,0,0
BRDA:220,24,1,0
BRDA:225,25,0,0
BRDA:225,25,1,0
BRDA:225,25,2,0
BRDA:225,25,3,0
BRDA:252,26,0,0
BRDA:252,26,1,0
BRDA:255,27,0,0
BRDA:255,27,1,0
BRDA:259,28,0,6
BRDA:259,28,1,6
BRDA:272,29,0,0
BRDA:272,29,1,0
BRDA:274,30,0,0
BRDA:274,30,1,0
BRDA:278,31,0,0
BRDA:278,31,1,0
BRDA:290,32,0,10
BRDA:290,32,1,6
BRDA:300,33,0,0
BRDA:300,33,1,0
BRDA:308,34,0,0
BRDA:308,34,1,0
BRDA:308,34,2,0
BRF:73
BRH:26
end_of_record
TN:
SF:src/jsx/query-client.js
FNF:0
FNH:0
DA:3,69
LF:1
LH:1
BRF:0
BRH:0
end_of_record
TN:
SF:src/jsx/themes.js
FNF:0
FNH:0
LF:0
LH:0
BRF:0
BRH:0
end_of_record
TN:
SF:src/jsx/actions/admin-site-edit-actions.js
FN:7,(anonymous_0)
FN:13,(anonymous_1)
FN:17,(anonymous_2)
FN:21,(anonymous_3)
FN:25,(anonymous_4)
FN:29,(anonymous_5)
FN:32,(anonymous_6)
FN:36,(anonymous_7)
FN:45,(anonymous_8)
FN:52,(anonymous_9)
FN:56,(anonymous_10)
FN:60,(anonymous_11)
FN:66,(anonymous_12)
FN:73,(anonymous_13)
FN:81,(anonymous_14)
FN:89,(anonymous_15)
FN:97,(anonymous_16)
FNF:17
FNH:0
FNDA:0,(anonymous_0)
FNDA:0,(anonymous_1)
FNDA:0,(anonymous_2)
FNDA:0,(anonymous_3)
FNDA:0,(anonymous_4)
FNDA:0,(anonymous_5)
FNDA:0,(anonymous_6)
FNDA:0,(anonymous_7)
FNDA:0,(anonymous_8)
FNDA:0,(anonymous_9)
FNDA:0,(anonymous_10)
FNDA:0,(anonymous_11)
FNDA:0,(anonymous_12)
FNDA:0,(anonymous_13)
FNDA:0,(anonymous_14)
FNDA:0,(anonymous_15)
FNDA:0,(anonymous_16)
DA:6,4
DA:8,0
DA:14,0
DA:18,0
DA:22,0
DA:26,0
DA:30,0
DA:33,0
DA:37,0
DA:41,0
DA:42,0
DA:46,0
DA:49,0
DA:53,0
DA:57,0
DA:61,0
DA:62,0
DA:63,0
DA:67,0
DA:70,0
DA:74,0
DA:78,0
DA:82,0
DA:86,0
DA:90,0
DA:94,0
DA:98,0
LF:27
LH:1
BRF:0
BRH:0
end_of_record
TN:
SF:src/jsx/actions/apartment-actions.js
FN:8,(anonymous_0)
FN:13,(anonymous_1)
FN:31,(anonymous_2)
FN:65,(anonymous_3)
FN:72,(anonymous_4)
FN:82,(anonymous_5)
FNF:6
FNH:3
FNDA:1,(anonymous_0)
FNDA:0,(anonymous_1)
FNDA:1,(anonymous_2)
FNDA:0,(anonymous_3)
FNDA:0,(anonymous_4)
FNDA:1,(anonymous_5)
DA:8,1
DA:9,1
DA:12,1
DA:14,0
DA:15,0
DA:25,0
DA:32,1
DA:37,1
DA:43,1
DA:45,1
DA:55,1
DA:66,0
DA:73,0
DA:83,1
LF:14
LH:9
BRDA:37,0,0,0
BRDA:37,0,1,1
BRDA:39,1,0,1
BRDA:39,1,1,0
BRDA:77,2,0,0
BRDA:77,2,1,0
BRF:6
BRH:2
end_of_record
TN:
SF:src/jsx/actions/app-actions.js
FN:9,(anonymous_0)
FN:17,(anonymous_1)
FN:22,(anonymous_2)
FN:37,(anonymous_3)
FNF:4
FNH:1
FNDA:0,(anonymous_0)
FNDA:0,(anonymous_1)
FNDA:0,(anonymous_2)
FNDA:99,(anonymous_3)
DA:8,72
DA:10,0
DA:11,0
DA:12,0
DA:13,0
DA:15,0
DA:18,0
DA:23,0
DA:38,99
DA:39,99
DA:40,99
DA:41,0
DA:42,0
DA:43,0
LF:14
LH:4
BRDA:12,0,0,0
BRDA:12,0,1,0
BRDA:12,1,0,0
BRDA:12,1,1,0
BRDA:12,1,2,0
BRDA:40,2,0,0
BRDA:40,2,1,99
BRDA:40,3,0,99
BRDA:40,3,1,0
BRDA:40,3,2,0
BRDA:40,3,3,0
BRF:11
BRH:2
end_of_record
TN:
SF:src/jsx/actions/event-list-actions.js
FN:6,(anonymous_0)
FN:36,(anonymous_1)
FNF:2
FNH:1
FNDA:4,(anonymous_0)
FNDA:0,(anonymous_1)
DA:5,1
DA:7,4
DA:8,4
DA:13,4
DA:25,4
DA:26,0
DA:37,0
LF:7
LH:5
BRDA:7,0,0,4
BRDA:7,0,1,0
BRDA:19,1,0,4
BRDA:19,1,1,0
BRDA:20,2,0,4
BRDA:20,2,1,0
BRDA:25,3,0,0
BRDA:25,3,1,4
BRF:8
BRH:4
end_of_record
TN:
SF:src/jsx/actions/frontpage-actions.js
FN:7,(anonymous_0)
FN:19,(anonymous_1)
FN:30,(anonymous_2)
FN:46,(anonymous_3)
FN:54,(anonymous_4)
FNF:5
FNH:0
FNDA:0,(anonymous_0)
FNDA:0,(anonymous_1)
FNDA:0,(anonymous_2)
FNDA:0,(anonymous_3)
FNDA:0,(anonymous_4)
DA:6,1
DA:8,0
DA:10,0
DA:20,0
DA:24,0
DA:31,0
DA:35,0
DA:40,0
DA:47,0
DA:48,0
DA:55,0
LF:11
LH:1
BRDA:8,0,0,0
BRDA:8,0,1,0
BRF:2
BRH:0
end_of_record
TN:
SF:src/jsx/actions/global-message-actions.js
FN:6,(anonymous_0)
FN:35,(anonymous_1)
FN:42,(anonymous_2)
FN:49,(anonymous_3)
FNF:4
FNH:1
FNDA:4,(anonymous_0)
FNDA:0,(anonymous_1)
FNDA:0,(anonymous_2)
FNDA:0,(anonymous_3)
DA:5,73
DA:7,4
DA:9,2
DA:13,2
DA:15,0
DA:19,0
DA:21,2
DA:25,2
DA:27,0
DA:31,0
DA:36,0
DA:43,0
DA:50,0
LF:13
LH:6
BRDA:6,0,0,0
BRDA:7,1,0,2
BRDA:7,1,1,0
BRDA:7,1,2,2
BRDA:7,1,3,0
BRF:5
BRH:2
end_of_record
TN:
SF:src/jsx/actions/global-notification-actions.js
FN:8,(anonymous_0)
FN:12,(anonymous_1)
FNF:2
FNH:0
FNDA:0,(anonymous_0)
FNDA:0,(anonymous_1)
DA:7,1
DA:9,0
DA:13,0
LF:3
LH:1
BRF:0
BRH:0
end_of_record
TN:
SF:src/jsx/actions/site-actions.js
FN:6,(anonymous_0)
FN:39,(anonymous_1)
FN:52,(anonymous_2)
FN:62,(anonymous_3)
FN:67,(anonymous_4)
FNF:5
FNH:0
FNDA:0,(anonymous_0)
FNDA:0,(anonymous_1)
FNDA:0,(anonymous_2)
FNDA:0,(anonymous_3)
FNDA:0,(anonymous_4)
DA:5,1
DA:7,0
DA:49,0
DA:55,0
DA:59,0
DA:63,0
DA:68,0
LF:7
LH:1
BRF:0
BRH:0
end_of_record
TN:
SF:src/jsx/actions/site-event-context-actions.js
FN:7,(anonymous_0)
FN:20,(anonymous_1)
FN:27,(anonymous_2)
FN:28,(anonymous_3)
FN:35,(anonymous_4)
FN:36,(anonymous_5)
FN:43,(anonymous_6)
FN:45,(anonymous_7)
FNF:8
FNH:0
FNDA:0,(anonymous_0)
FNDA:0,(anonymous_1)
FNDA:0,(anonymous_2)
FNDA:0,(anonymous_3)
FNDA:0,(anonymous_4)
FNDA:0,(anonymous_5)
FNDA:0,(anonymous_6)
FNDA:0,(anonymous_7)
DA:6,3
DA:8,0
DA:12,0
DA:21,0
DA:22,0
DA:24,0
DA:28,0
DA:29,0
DA:30,0
DA:32,0
DA:36,0
DA:37,0
DA:38,0
DA:40,0
DA:44,0
DA:45,0
DA:46,0
DA:47,0
DA:49,0
LF:19
LH:1
BRF:0
BRH:0
end_of_record
TN:
SF:src/jsx/components/activation/form-definitions.jsx
FN:6,(anonymous_0)
FNF:1
FNH:1
FNDA:4,(anonymous_0)
DA:6,2
DA:16,4
DA:17,4
DA:18,3
DA:19,3
DA:32,0
DA:49,1
LF:7
LH:6
BRDA:17,0,0,3
BRDA:17,0,1,1
BRDA:18,1,0,3
BRDA:18,1,1,0
BRDA:18,2,0,3
BRDA:18,2,1,3
BRDA:18,2,2,3
BRDA:19,3,0,0
BRDA:19,3,1,3
BRDA:32,4,0,0
BRDA:32,4,1,0
BRDA:49,5,0,0
BRDA:49,5,1,1
BRDA:51,6,0,0
BRDA:51,6,1,0
BRDA:66,7,0,1
BRDA:66,7,1,0
BRF:17
BRH:9
end_of_record
TN:
SF:src/jsx/components/activation/heating-controller-installation.jsx
FN:17,(anonymous_0)
FN:19,(anonymous_1)
FN:20,(anonymous_2)
FN:27,(anonymous_3)
FN:46,(anonymous_4)
FN:58,(anonymous_5)
FN:66,(anonymous_6)
FN:78,useHeatingControllerInstallation
FN:84,(anonymous_8)
FN:89,(anonymous_9)
FN:96,(anonymous_10)
FN:102,HeatingControllerInstallation
FN:115,(anonymous_12)
FN:134,(anonymous_13)
FN:134,(anonymous_14)
FN:135,(anonymous_15)
FN:199,(anonymous_16)
FNF:17
FNH:17
FNDA:8,(anonymous_0)
FNDA:6,(anonymous_1)
FNDA:6,(anonymous_2)
FNDA:8,(anonymous_3)
FNDA:8,(anonymous_4)
FNDA:6,(anonymous_5)
FNDA:21,(anonymous_6)
FNDA:18,useHeatingControllerInstallation
FNDA:4,(anonymous_8)
FNDA:1,(anonymous_9)
FNDA:1,(anonymous_10)
FNDA:18,HeatingControllerInstallation
FNDA:1,(anonymous_12)
FNDA:5,(anonymous_13)
FNDA:1,(anonymous_14)
FNDA:2,(anonymous_15)
FNDA:21,(anonymous_16)
DA:17,1
DA:18,8
DA:19,6
DA:21,6
DA:23,6
DA:27,1
DA:28,8
DA:30,8
DA:31,8
DA:33,8
DA:41,8
DA:43,8
DA:46,1
DA:47,8
DA:48,8
DA:50,8
DA:57,8
DA:58,3
DA:59,6
DA:60,6
DA:63,5
DA:66,1
DA:67,21
DA:68,21
DA:70,21
DA:72,0
DA:74,0
DA:79,18
DA:80,18
DA:82,18
DA:84,4
DA:88,18
DA:90,1
DA:96,1
DA:99,18
DA:103,18
DA:104,18
DA:105,18
DA:107,18
DA:108,18
DA:109,18
DA:113,18
DA:115,18
DA:116,1
DA:118,1
DA:119,3
DA:121,3
DA:122,2
DA:126,1
DA:129,1
DA:131,1
DA:134,18
DA:135,1
DA:136,2
DA:137,2
DA:141,1
DA:142,1
DA:144,1
DA:147,18
DA:149,17
DA:151,17
DA:152,2
DA:159,15
DA:160,4
DA:163,11
DA:166,8
DA:167,8
DA:168,8
DA:169,8
DA:170,8
DA:172,8
DA:200,21
LF:72
LH:70
BRDA:23,0,0,6
BRDA:23,0,1,0
BRDA:30,1,0,0
BRDA:30,1,1,8
BRDA:31,2,0,0
BRDA:31,2,1,8
BRDA:48,3,0,0
BRDA:48,3,1,8
BRDA:57,4,0,3
BRDA:57,4,1,5
BRDA:68,5,0,21
BRDA:68,5,1,0
BRDA:68,5,2,0
BRDA:111,6,0,18
BRDA:111,6,1,17
BRDA:121,7,0,2
BRDA:121,7,1,1
BRDA:121,8,0,3
BRDA:121,8,1,1
BRDA:136,9,0,2
BRDA:136,9,1,0
BRDA:147,10,0,1
BRDA:147,10,1,17
BRDA:147,11,0,18
BRDA:147,11,1,17
BRDA:151,12,0,2
BRDA:151,12,1,15
BRDA:159,13,0,4
BRDA:159,13,1,11
BRDA:163,14,0,3
BRDA:163,14,1,8
BRDA:169,15,0,8
BRDA:169,15,1,0
BRDA:183,16,0,5
BRDA:183,16,1,3
BRF:35
BRH:27
end_of_record
TN:
SF:src/jsx/components/activation/installation-comment-list.jsx
FN:6,Comments
FN:13,(anonymous_1)
FN:35,(anonymous_2)
FN:36,(anonymous_3)
FNF:4
FNH:2
FNDA:9,Comments
FNDA:3,(anonymous_1)
FNDA:0,(anonymous_2)
FNDA:0,(anonymous_3)
DA:7,9
DA:9,9
DA:10,8
DA:13,1
DA:14,3
DA:15,3
DA:26,3
DA:29,1
DA:31,1
DA:36,0
LF:10
LH:9
BRDA:9,0,0,8
BRDA:9,0,1,1
BRDA:14,1,0,3
BRDA:14,1,1,0
BRDA:29,2,0,0
BRDA:29,2,1,1
BRDA:41,3,0,0
BRDA:41,3,1,1
BRDA:43,4,0,0
BRDA:43,4,1,1
BRF:10
BRH:6
end_of_record
TN:
SF:src/jsx/components/activation/sensor-dropdown.jsx
FN:16,SensorDropdown
FN:28,(anonymous_1)
FN:35,(anonymous_2)
FN:45,(anonymous_3)
FN:61,(anonymous_4)
FN:90,(anonymous_5)
FNF:6
FNH:6
FNDA:9,SensorDropdown
FNDA:176,(anonymous_1)
FNDA:19,(anonymous_2)
FNDA:18,(anonymous_3)
FNDA:180,(anonymous_4)
FNDA:1,(anonymous_5)
DA:25,9
DA:26,9
DA:28,9
DA:29,176
DA:33,9
DA:35,9
DA:36,19
DA:42,19
DA:43,2
DA:44,2
DA:45,18
DA:49,2
DA:50,1
DA:51,1
DA:54,1
DA:55,1
DA:59,18
DA:61,180
DA:68,18
DA:69,1
DA:70,1
DA:73,1
DA:74,1
DA:77,17
DA:80,9
DA:90,1
LF:26
LH:26
BRDA:20,0,0,6
BRDA:21,1,0,2
BRDA:22,2,0,5
BRDA:23,3,0,6
BRDA:29,4,0,176
BRDA:29,4,1,0
BRDA:30,5,0,176
BRDA:30,5,1,176
BRDA:42,6,0,2
BRDA:42,6,1,17
BRDA:42,7,0,19
BRDA:42,7,1,14
BRDA:44,8,0,2
BRDA:44,8,1,0
BRDA:49,9,0,1
BRDA:49,9,1,1
BRDA:59,10,0,0
BRDA:59,10,1,18
BRDA:68,11,0,1
BRDA:68,11,1,17
BRDA:68,12,0,18
BRDA:68,12,1,6
BRF:22
BRH:19
end_of_record
TN:
SF:src/jsx/components/activation/sensor-installation-form.jsx
FN:13,(anonymous_0)
FN:18,(anonymous_1)
FN:36,(anonymous_2)
FN:65,(anonymous_3)
FN:89,(anonymous_4)
FN:93,(anonymous_5)
FN:142,(anonymous_6)
FN:170,(anonymous_7)
FN:192,(anonymous_8)
FNF:9
FNH:9
FNDA:5,(anonymous_0)
FNDA:1,(anonymous_1)
FNDA:1,(anonymous_2)
FNDA:1,(anonymous_3)
FNDA:3,(anonymous_4)
FNDA:2,(anonymous_5)
FNDA:1,(anonymous_6)
FNDA:3,(anonymous_7)
FNDA:1,(anonymous_8)
DA:13,2
DA:14,5
DA:15,5
DA:16,5
DA:18,5
DA:19,1
DA:20,1
DA:21,0
DA:22,0
DA:24,0
DA:26,1
DA:27,1
DA:29,1
DA:32,0
DA:36,5
DA:37,1
DA:38,0
DA:39,0
DA:50,0
DA:52,1
DA:61,1
DA:65,5
DA:66,1
DA:67,0
DA:75,0
DA:77,1
DA:85,1
DA:89,5
DA:90,3
DA:93,5
DA:94,2
DA:96,0
DA:104,0
DA:106,1
DA:113,1
DA:115,1
DA:124,1
DA:126,0
DA:129,2
DA:133,5
DA:143,1
DA:144,1
DA:150,5
DA:152,5
DA:153,4
DA:154,4
DA:156,0
DA:160,5
DA:171,3
DA:192,1
LF:50
LH:37
BRDA:16,0,0,4
BRDA:16,0,1,1
BRDA:19,1,0,1
BRDA:19,1,1,0
BRDA:20,2,0,0
BRDA:20,2,1,1
BRDA:36,3,0,0
BRDA:37,4,0,0
BRDA:37,4,1,1
BRDA:66,5,0,0
BRDA:66,5,1,1
BRDA:70,6,0,0
BRDA:70,6,1,0
BRDA:71,7,0,0
BRDA:71,7,1,0
BRDA:79,8,0,1
BRDA:79,8,1,1
BRDA:80,9,0,1
BRDA:80,9,1,1
BRDA:94,10,0,0
BRDA:94,10,1,1
BRDA:94,10,2,1
BRDA:94,10,3,0
BRDA:133,11,0,3
BRDA:133,11,1,2
BRDA:137,12,0,3
BRDA:137,12,1,3
BRDA:152,13,0,4
BRDA:152,13,1,1
BRDA:153,14,0,4
BRDA:153,14,1,0
BRDA:163,15,0,5
BRDA:163,15,1,3
BRDA:173,16,0,0
BRDA:173,16,1,3
BRDA:199,17,0,0
BRDA:199,17,1,5
BRDA:199,18,0,5
BRDA:199,18,1,3
BRDA:199,18,2,3
BRDA:202,19,0,0
BRDA:202,19,1,0
BRDA:202,20,0,0
BRDA:202,20,1,0
BRDA:211,21,0,0
BRDA:211,21,1,0
BRDA:211,22,0,0
BRDA:211,22,1,0
BRDA:223,23,0,4
BRDA:223,23,1,1
BRDA:223,24,0,5
BRDA:223,24,1,4
BRDA:234,25,0,0
BRDA:234,25,1,4
BRF:54
BRH:31
end_of_record
TN:
SF:src/jsx/components/activation/sensor-installation-view.jsx
FN:27,(anonymous_0)
FN:28,(anonymous_1)
FN:38,(anonymous_2)
FN:67,(anonymous_3)
FN:69,(anonymous_4)
FN:71,(anonymous_5)
FN:79,(anonymous_6)
FN:86,(anonymous_7)
FN:89,(anonymous_8)
FN:106,(anonymous_9)
FN:118,(anonymous_10)
FN:125,(anonymous_11)
FN:229,(anonymous_12)
FN:240,(anonymous_13)
FN:253,(anonymous_14)
FN:264,(anonymous_15)
FN:273,(anonymous_16)
FN:275,(anonymous_17)
FN:290,(anonymous_18)
FN:294,(anonymous_19)
FN:329,(anonymous_20)
FNF:21
FNH:16
FNDA:10,(anonymous_0)
FNDA:10,(anonymous_1)
FNDA:7,(anonymous_2)
FNDA:5,(anonymous_3)
FNDA:100,(anonymous_4)
FNDA:5,(anonymous_5)
FNDA:80,(anonymous_6)
FNDA:100,(anonymous_7)
FNDA:1,(anonymous_8)
FNDA:0,(anonymous_9)
FNDA:16,(anonymous_10)
FNDA:100,(anonymous_11)
FNDA:5,(anonymous_12)
FNDA:30,(anonymous_13)
FNDA:0,(anonymous_14)
FNDA:30,(anonymous_15)
FNDA:5,(anonymous_16)
FNDA:0,(anonymous_17)
FNDA:7,(anonymous_18)
FNDA:0,(anonymous_19)
FNDA:0,(anonymous_20)
DA:27,1
DA:28,10
DA:29,10
DA:30,10
DA:32,0
DA:35,10
DA:38,1
DA:39,7
DA:40,7
DA:41,7
DA:43,7
DA:45,7
DA:46,7
DA:47,7
DA:49,7
DA:63,7
DA:65,7
DA:67,7
DA:69,5
DA:70,100
DA:72,5
DA:79,5
DA:80,80
DA:81,0
DA:86,5
DA:89,100
DA:90,1
DA:107,0
DA:118,16
DA:125,5
DA:126,100
DA:127,100
DA:128,100
DA:129,100
DA:132,100
DA:133,100
DA:135,100
DA:142,5
DA:145,0
DA:146,0
DA:147,5
DA:154,0
DA:155,0
DA:162,5
DA:167,5
DA:168,5
DA:169,5
DA:172,0
DA:173,0
DA:176,95
DA:178,75
DA:179,0
DA:180,0
DA:183,0
DA:184,0
DA:186,75
DA:187,75
DA:188,75
DA:191,75
DA:192,75
DA:194,0
DA:195,0
DA:198,0
DA:199,0
DA:204,20
DA:207,100
DA:208,100
DA:209,100
DA:210,100
DA:211,100
DA:218,100
DA:224,5
DA:230,5
DA:253,7
DA:254,0
DA:256,0
DA:257,0
DA:258,0
DA:260,0
DA:264,7
DA:265,30
DA:273,7
DA:274,5
DA:275,0
DA:290,7
DA:291,7
DA:294,0
DA:315,7
DA:329,0
LF:89
LH:64
BRDA:29,0,0,10
BRDA:29,0,1,0
BRDA:30,1,0,10
BRDA:30,1,1,0
BRDA:49,2,0,7
BRDA:49,2,1,7
BRDA:70,3,0,80
BRDA:70,3,1,20
BRDA:80,4,0,0
BRDA:80,4,1,80
BRDA:80,5,0,80
BRDA:80,5,1,80
BRDA:94,6,0,1
BRDA:94,6,1,0
BRDA:113,7,0,1
BRDA:113,7,1,1
BRDA:114,8,0,1
BRDA:114,8,1,1
BRDA:118,9,0,1
BRDA:118,9,1,1
BRDA:135,10,0,5
BRDA:135,10,1,95
BRDA:142,11,0,0
BRDA:142,11,1,5
BRDA:147,12,0,0
BRDA:147,12,1,5
BRDA:148,13,0,5
BRDA:148,13,1,5
BRDA:167,14,0,5
BRDA:167,14,1,0
BRDA:176,15,0,75
BRDA:176,15,1,20
BRDA:176,16,0,95
BRDA:176,16,1,75
BRDA:178,17,0,0
BRDA:178,17,1,75
BRDA:186,18,0,75
BRDA:186,18,1,0
BRDA:212,19,0,20
BRDA:212,19,1,80
BRDA:212,20,0,100
BRDA:212,20,1,20
BRDA:228,21,0,5
BRDA:228,21,1,5
BRDA:293,22,0,0
BRDA:293,22,1,7
BRDA:302,23,0,0
BRDA:302,23,1,7
BRDA:317,24,0,7
BRDA:317,24,1,0
BRDA:325,25,0,5
BRDA:325,25,1,2
BRDA:336,26,0,7
BRDA:336,26,1,1
BRF:54
BRH:42
end_of_record
TN:
SF:src/jsx/components/activation/sensor-status-icon.jsx
FN:3,SensorStatusIcon
FN:4,(anonymous_1)
FNF:2
FNH:2
FNDA:106,SensorStatusIcon
FNDA:84,(anonymous_1)
DA:4,106
DA:5,84
DA:7,1
DA:9,1
DA:11,76
DA:13,6
DA:15,0
DA:19,106
DA:20,1
DA:23,105
DA:24,1
DA:27,104
LF:12
LH:11
BRDA:5,0,0,1
BRDA:5,0,1,1
BRDA:5,0,2,76
BRDA:5,0,3,6
BRDA:5,0,4,0
BRDA:13,1,0,5
BRDA:13,1,1,1
BRDA:19,2,0,1
BRDA:19,2,1,105
BRDA:19,3,0,106
BRDA:19,3,1,6
BRDA:23,4,0,1
BRDA:23,4,1,104
BRDA:23,5,0,105
BRDA:23,5,1,5
BRDA:27,6,0,20
BRDA:27,6,1,84
BRDA:27,7,0,104
BRDA:27,7,1,84
BRF:19
BRH:18
end_of_record
TN:
SF:src/jsx/components/activation/site-activation.jsx
FN:16,(anonymous_0)
FN:17,(anonymous_1)
FN:35,(anonymous_2)
FN:51,(anonymous_3)
FN:88,(anonymous_4)
FN:169,(anonymous_5)
FN:220,(anonymous_6)
FN:229,(anonymous_7)
FN:236,(anonymous_8)
FNF:9
FNH:2
FNDA:0,(anonymous_0)
FNDA:0,(anonymous_1)
FNDA:0,(anonymous_2)
FNDA:0,(anonymous_3)
FNDA:0,(anonymous_4)
FNDA:0,(anonymous_5)
FNDA:5,(anonymous_6)
FNDA:5,(anonymous_7)
FNDA:0,(anonymous_8)
DA:16,1
DA:17,0
DA:18,0
DA:19,0
DA:36,0
DA:48,0
DA:51,0
DA:52,0
DA:54,0
DA:56,0
DA:57,0
DA:58,0
DA:60,0
DA:61,0
DA:64,0
DA:84,0
DA:88,0
DA:90,0
DA:92,0
DA:94,0
DA:95,0
DA:96,0
DA:102,0
DA:105,0
DA:106,0
DA:107,0
DA:108,0
DA:110,0
DA:114,0
DA:116,0
DA:117,0
DA:122,0
DA:123,0
DA:124,0
DA:125,0
DA:127,0
DA:130,0
DA:131,0
DA:169,0
DA:170,0
DA:211,0
DA:220,1
DA:221,5
DA:222,5
DA:223,5
DA:225,5
DA:226,5
DA:227,5
DA:229,5
DA:233,5
DA:236,5
DA:237,0
DA:239,0
DA:244,0
DA:245,0
DA:246,0
DA:249,0
DA:250,0
DA:253,5
DA:254,0
DA:266,5
DA:267,0
DA:290,5
DA:291,4
DA:308,1
LF:65
LH:16
BRDA:18,0,0,0
BRDA:18,0,1,0
BRDA:34,1,0,0
BRDA:34,1,1,0
BRDA:52,2,0,0
BRDA:52,2,1,0
BRDA:56,3,0,0
BRDA:56,3,1,0
BRDA:94,4,0,0
BRDA:94,4,1,0
BRDA:94,5,0,0
BRDA:94,5,1,0
BRDA:95,6,0,0
BRDA:95,6,1,0
BRDA:106,7,0,0
BRDA:106,7,1,0
BRDA:116,8,0,0
BRDA:116,8,1,0
BRDA:116,9,0,0
BRDA:116,9,1,0
BRDA:116,9,2,0
BRDA:123,10,0,0
BRDA:123,10,1,0
BRDA:130,11,0,0
BRDA:130,11,1,0
BRDA:141,12,0,0
BRDA:141,12,1,0
BRDA:149,13,0,0
BRDA:149,13,1,0
BRDA:157,14,0,0
BRDA:157,14,1,0
BRDA:179,15,0,0
BRDA:179,15,1,0
BRDA:186,16,0,0
BRDA:186,16,1,0
BRDA:253,17,0,0
BRDA:253,17,1,5
BRDA:253,18,0,5
BRDA:253,18,1,5
BRDA:258,19,0,0
BRDA:258,19,1,0
BRDA:266,20,0,0
BRDA:266,20,1,5
BRDA:290,21,0,4
BRDA:290,21,1,1
BRDA:291,22,0,2
BRDA:291,22,1,2
BRDA:291,23,0,4
BRDA:291,23,1,3
BRF:49
BRH:10
end_of_record
TN:
SF:src/jsx/components/activation/site-approvals.jsx
FN:14,(anonymous_0)
FN:22,(anonymous_1)
FN:26,(anonymous_2)
FN:26,(anonymous_3)
FN:62,(anonymous_4)
FN:65,(anonymous_5)
FN:65,(anonymous_6)
FNF:7
FNH:7
FNDA:8,(anonymous_0)
FNDA:4,(anonymous_1)
FNDA:8,(anonymous_2)
FNDA:2,(anonymous_3)
FNDA:2,(anonymous_4)
FNDA:8,(anonymous_5)
FNDA:2,(anonymous_6)
DA:14,1
DA:15,8
DA:16,8
DA:17,8
DA:18,8
DA:19,8
DA:20,8
DA:22,8
DA:23,4
DA:26,8
DA:27,2
DA:28,2
DA:29,2
DA:32,8
DA:42,8
DA:62,1
DA:63,2
DA:65,8
DA:66,2
DA:75,2
DA:78,2
LF:21
LH:21
BRDA:19,0,0,6
BRDA:19,0,1,2
BRDA:32,1,0,3
BRDA:32,1,1,5
BRDA:48,2,0,8
BRDA:48,2,1,3
BRDA:52,3,0,3
BRDA:52,3,1,3
BRDA:57,4,0,2
BRDA:57,4,1,6
BRDA:70,5,0,1
BRDA:70,5,1,1
BRF:12
BRH:12
end_of_record
TN:
SF:src/jsx/components/activation/use-installation-report.js
FN:5,(anonymous_0)
FN:9,(anonymous_1)
FN:24,(anonymous_2)
FN:28,(anonymous_3)
FN:36,(anonymous_4)
FN:50,(anonymous_5)
FN:64,(anonymous_6)
FN:78,(anonymous_7)
FN:92,(anonymous_8)
FN:106,(anonymous_9)
FNF:10
FNH:2
FNDA:7,(anonymous_0)
FNDA:2,(anonymous_1)
FNDA:0,(anonymous_2)
FNDA:0,(anonymous_3)
FNDA:0,(anonymous_4)
FNDA:0,(anonymous_5)
FNDA:0,(anonymous_6)
FNDA:0,(anonymous_7)
FNDA:0,(anonymous_8)
FNDA:0,(anonymous_9)
DA:5,1
DA:6,7
DA:7,7
DA:9,7
DA:10,2
DA:16,2
DA:24,7
DA:25,0
DA:28,7
DA:29,0
DA:35,7
DA:37,0
DA:49,7
DA:51,0
DA:63,7
DA:65,0
DA:77,7
DA:79,0
DA:91,7
DA:93,0
DA:105,7
DA:107,0
DA:119,7
LF:23
LH:15
BRDA:9,0,0,2
BRDA:66,1,0,0
BRDA:66,1,1,0
BRDA:67,2,0,0
BRDA:67,2,1,0
BRDA:80,3,0,0
BRDA:80,3,1,0
BRDA:81,4,0,0
BRDA:81,4,1,0
BRF:9
BRH:1
end_of_record
TN:
SF:src/jsx/components/admin-import/admin-consumption-data-import.jsx
FN:13,(anonymous_0)
FN:24,(anonymous_1)
FN:32,(anonymous_2)
FN:39,(anonymous_3)
FN:47,(anonymous_4)
FN:143,(anonymous_5)
FNF:6
FNH:5
FNDA:7,(anonymous_0)
FNDA:1,(anonymous_1)
FNDA:1,(anonymous_2)
FNDA:5,(anonymous_3)
FNDA:1,(anonymous_4)
FNDA:0,(anonymous_5)
DA:13,1
DA:14,7
DA:16,7
DA:24,7
DA:25,1
DA:32,7
DA:33,1
DA:34,0
DA:36,1
DA:37,1
DA:39,1
DA:40,5
DA:41,4
DA:44,1
DA:47,7
DA:48,1
DA:49,1
DA:51,1
DA:53,1
DA:56,7
DA:143,0
LF:21
LH:19
BRDA:33,0,0,0
BRDA:33,0,1,1
BRDA:34,1,0,0
BRDA:34,1,1,0
BRDA:40,2,0,1
BRDA:40,2,1,4
BRDA:51,3,0,0
BRDA:51,3,1,1
BRDA:97,4,0,7
BRDA:97,4,1,1
BRDA:138,5,0,1
BRDA:138,5,1,6
BRDA:148,6,0,7
BRDA:148,6,1,2
BRF:14
BRH:10
end_of_record
TN:
SF:src/jsx/components/admin-import/admin-import-co2-factors.jsx
FN:13,(anonymous_0)
FN:18,(anonymous_1)
FN:26,(anonymous_2)
FN:34,(anonymous_3)
FN:42,(anonymous_4)
FN:105,(anonymous_5)
FNF:6
FNH:5
FNDA:7,(anonymous_0)
FNDA:1,(anonymous_1)
FNDA:1,(anonymous_2)
FNDA:3,(anonymous_3)
FNDA:1,(anonymous_4)
FNDA:0,(anonymous_5)
DA:13,1
DA:14,7
DA:16,7
DA:18,7
DA:19,1
DA:26,7
DA:27,1
DA:28,0
DA:31,1
DA:32,1
DA:34,1
DA:35,3
DA:36,2
DA:39,1
DA:42,7
DA:43,1
DA:44,1
DA:46,1
DA:48,1
DA:51,7
DA:105,0
LF:21
LH:19
BRDA:27,0,0,0
BRDA:27,0,1,1
BRDA:28,1,0,0
BRDA:28,1,1,0
BRDA:35,2,0,1
BRDA:35,2,1,2
BRDA:46,3,0,0
BRDA:46,3,1,1
BRDA:72,4,0,7
BRDA:72,4,1,1
BRDA:100,5,0,1
BRDA:100,5,1,6
BRDA:110,6,0,7
BRDA:110,6,1,2
BRF:14
BRH:10
end_of_record
TN:
SF:src/jsx/components/admin-import/admin-import-companies.jsx
FN:12,(anonymous_0)
FN:22,(anonymous_1)
FN:30,(anonymous_2)
FN:40,(anonymous_3)
FN:112,(anonymous_4)
FNF:5
FNH:4
FNDA:8,(anonymous_0)
FNDA:1,(anonymous_1)
FNDA:2,(anonymous_2)
FNDA:5,(anonymous_3)
FNDA:0,(anonymous_4)
DA:12,1
DA:13,8
DA:14,8
DA:19,8
DA:20,8
DA:22,8
DA:23,1
DA:30,8
DA:31,2
DA:32,0
DA:34,2
DA:35,2
DA:37,2
DA:38,1
DA:40,1
DA:41,5
DA:42,3
DA:43,2
DA:46,1
DA:49,8
DA:112,0
LF:21
LH:19
BRDA:31,0,0,0
BRDA:31,0,1,2
BRDA:32,1,0,0
BRDA:32,1,1,0
BRDA:37,2,0,1
BRDA:37,2,1,1
BRDA:37,3,0,2
BRDA:37,3,1,1
BRDA:37,3,2,1
BRDA:41,4,0,3
BRDA:41,4,1,2
BRDA:41,5,0,5
BRDA:41,5,1,4
BRDA:41,5,2,3
BRDA:107,6,0,1
BRDA:107,6,1,7
BRDA:117,7,0,8
BRDA:117,7,1,1
BRF:18
BRH:15
end_of_record
TN:
SF:src/jsx/components/admin-import/admin-import-district-heat-prices.jsx
FN:13,(anonymous_0)
FN:18,(anonymous_1)
FN:26,(anonymous_2)
FN:34,(anonymous_3)
FN:42,(anonymous_4)
FN:109,(anonymous_5)
FNF:6
FNH:5
FNDA:7,(anonymous_0)
FNDA:1,(anonymous_1)
FNDA:1,(anonymous_2)
FNDA:3,(anonymous_3)
FNDA:1,(anonymous_4)
FNDA:0,(anonymous_5)
DA:13,1
DA:14,7
DA:16,7
DA:18,7
DA:19,1
DA:26,7
DA:27,1
DA:28,0
DA:31,1
DA:32,1
DA:34,1
DA:35,3
DA:36,2
DA:39,1
DA:42,7
DA:43,1
DA:44,1
DA:46,1
DA:48,1
DA:51,7
DA:109,0
LF:21
LH:19
BRDA:27,0,0,0
BRDA:27,0,1,1
BRDA:28,1,0,0
BRDA:28,1,1,0
BRDA:35,2,0,1
BRDA:35,2,1,2
BRDA:46,3,0,0
BRDA:46,3,1,1
BRDA:75,4,0,7
BRDA:75,4,1,1
BRDA:104,5,0,1
BRDA:104,5,1,6
BRDA:115,6,0,7
BRDA:115,6,1,2
BRF:14
BRH:10
end_of_record
TN:
SF:src/jsx/components/admin-import/admin-site-installablesensors-import.jsx
FN:12,(anonymous_0)
FN:16,(anonymous_1)
FN:24,(anonymous_2)
FN:28,(anonymous_3)
FN:36,(anonymous_4)
FN:100,(anonymous_5)
FNF:6
FNH:5
FNDA:7,(anonymous_0)
FNDA:1,(anonymous_1)
FNDA:1,(anonymous_2)
FNDA:3,(anonymous_3)
FNDA:1,(anonymous_4)
FNDA:0,(anonymous_5)
DA:12,1
DA:13,7
DA:14,7
DA:16,7
DA:17,1
DA:24,7
DA:25,1
DA:26,1
DA:28,1
DA:29,3
DA:30,2
DA:33,1
DA:36,7
DA:37,1
DA:38,1
DA:40,1
DA:42,1
DA:45,7
DA:100,0
LF:19
LH:18
BRDA:29,0,0,1
BRDA:29,0,1,2
BRDA:40,1,0,0
BRDA:40,1,1,1
BRDA:86,2,0,7
BRDA:86,2,1,1
BRDA:95,3,0,1
BRDA:95,3,1,6
BRDA:105,4,0,7
BRDA:105,4,1,2
BRF:10
BRH:9
end_of_record
TN:
SF:src/jsx/components/admin-import/export-by-company.jsx
FN:11,ExportByCompany
FN:19,(anonymous_1)
FN:23,(anonymous_2)
FN:36,(anonymous_3)
FNF:4
FNH:4
FNDA:6,ExportByCompany
FNDA:20,(anonymous_1)
FNDA:15,(anonymous_2)
FNDA:1,(anonymous_3)
DA:12,6
DA:14,6
DA:15,6
DA:17,6
DA:19,5
DA:20,20
DA:23,15
DA:28,5
DA:36,1
LF:9
LH:9
BRDA:17,0,0,1
BRDA:17,0,1,5
BRDA:36,1,0,1
BRDA:36,1,1,0
BRDA:40,2,0,3
BRDA:40,2,1,2
BRDA:41,3,0,3
BRDA:41,3,1,2
BRF:8
BRH:7
end_of_record
TN:
SF:src/jsx/components/admin-import/export-by-tag.jsx
FN:9,(anonymous_0)
FN:16,(anonymous_1)
FN:22,(anonymous_2)
FNF:3
FNH:3
FNDA:2,(anonymous_0)
FNDA:10,(anonymous_1)
FNDA:12,(anonymous_2)
DA:10,2
DA:11,2
DA:16,2
DA:17,10
DA:23,12
DA:24,12
LF:6
LH:6
BRDA:23,0,0,12
BRDA:23,0,1,10
BRDA:34,1,0,4
BRDA:34,1,1,8
BRDA:35,2,0,12
BRDA:35,2,1,4
BRF:6
BRH:6
end_of_record
TN:
SF:src/jsx/components/admin-import/get-company-summary.js
FN:1,(anonymous_0)
FNF:1
FNH:1
FNDA:25,(anonymous_0)
DA:1,1
DA:2,25
DA:3,25
DA:4,25
DA:5,10
DA:7,15
DA:14,25
DA:15,25
DA:16,0
DA:17,0
DA:18,0
DA:19,0
DA:21,0
DA:30,25
LF:14
LH:9
BRDA:4,0,0,10
BRDA:4,0,1,15
BRDA:15,1,0,0
BRDA:15,1,1,25
BRDA:17,2,0,0
BRDA:17,2,1,0
BRF:6
BRH:3
end_of_record
TN:
SF:src/jsx/components/admin-import/instructions.jsx
FN:5,Instruction
FN:10,(anonymous_1)
FN:20,Instructions
FN:28,(anonymous_3)
FNF:4
FNH:4
FNDA:107,Instruction
FNDA:175,(anonymous_1)
FNDA:47,Instructions
FNDA:107,(anonymous_3)
DA:6,107
DA:7,24
DA:11,175
DA:21,47
DA:22,47
DA:29,107
LF:6
LH:6
BRDA:6,0,0,83
BRDA:6,0,1,24
BRF:2
BRH:2
end_of_record
TN:
SF:src/jsx/components/admin-import/results.jsx
FN:7,hasStatus
FN:17,Results
FN:19,(anonymous_2)
FN:66,(anonymous_3)
FN:68,(anonymous_4)
FN:69,(anonymous_5)
FN:85,(anonymous_6)
FNF:7
FNH:2
FNDA:0,hasStatus
FNDA:11,Results
FNDA:11,(anonymous_2)
FNDA:0,(anonymous_3)
FNDA:0,(anonymous_4)
FNDA:0,(anonymous_5)
FNDA:0,(anonymous_6)
DA:8,0
DA:9,0
DA:10,0
DA:11,0
DA:13,0
DA:18,11
DA:19,11
DA:20,11
DA:21,11
DA:22,0
DA:34,11
DA:35,0
DA:49,11
DA:50,0
DA:51,0
DA:52,0
DA:54,0
DA:66,11
DA:67,11
DA:68,0
DA:70,0
DA:72,0
DA:85,0
DA:91,11
DA:95,11
LF:25
LH:10
BRDA:8,0,0,0
BRDA:8,0,1,0
BRDA:10,1,0,0
BRDA:10,1,1,0
BRDA:20,2,0,11
BRDA:20,2,1,0
BRDA:21,3,0,0
BRDA:21,3,1,11
BRDA:34,4,0,0
BRDA:34,4,1,11
BRDA:49,5,0,0
BRDA:49,5,1,11
BRDA:66,6,0,0
BRDA:66,6,1,0
BRDA:85,7,0,0
BRDA:85,7,1,0
BRDA:97,8,0,11
BRDA:97,8,1,0
BRF:18
BRH:5
end_of_record
TN:
SF:src/jsx/components/admin-import/status.jsx
FN:5,Status
FNF:1
FNH:1
FNDA:47,Status
DA:6,47
DA:7,47
DA:8,47
DA:10,47
LF:4
LH:4
BRDA:7,0,0,47
BRDA:7,0,1,47
BRDA:7,0,2,47
BRDA:8,1,0,47
BRDA:8,1,1,11
BRDA:12,2,0,47
BRDA:12,2,1,11
BRDA:18,3,0,47
BRDA:18,3,1,0
BRF:9
BRH:8
end_of_record
TN:
SF:src/jsx/components/alert-management/alert-list-modal.jsx
FN:6,AlertListModal
FN:13,(anonymous_1)
FN:15,(anonymous_2)
FN:25,(anonymous_3)
FN:36,(anonymous_4)
FNF:5
FNH:0
FNDA:0,AlertListModal
FNDA:0,(anonymous_1)
FNDA:0,(anonymous_2)
FNDA:0,(anonymous_3)
FNDA:0,(anonymous_4)
DA:7,0
DA:9,0
DA:11,0
DA:13,0
DA:16,0
DA:26,0
DA:36,0
LF:7
LH:0
BRDA:6,0,0,0
BRDA:9,1,0,0
BRDA:9,1,1,0
BRDA:17,2,0,0
BRDA:17,2,1,0
BRDA:23,3,0,0
BRDA:23,3,1,0
BRF:7
BRH:0
end_of_record
TN:
SF:src/jsx/components/alert-management/alert-management-context.js
FNF:0
FNH:0
DA:7,1
LF:1
LH:1
BRF:0
BRH:0
end_of_record
TN:
SF:src/jsx/components/alert-management/alert-select.jsx
FN:5,AlertSelect
FN:22,(anonymous_1)
FN:22,(anonymous_2)
FN:23,(anonymous_3)
FN:27,(anonymous_4)
FN:27,(anonymous_5)
FN:28,(anonymous_6)
FN:32,(anonymous_7)
FN:39,(anonymous_8)
FN:39,(anonymous_9)
FN:69,(anonymous_10)
FNF:11
FNH:11
FNDA:25,AlertSelect
FNDA:36,(anonymous_1)
FNDA:1,(anonymous_2)
FNDA:3,(anonymous_3)
FNDA:24,(anonymous_4)
FNDA:2,(anonymous_5)
FNDA:6,(anonymous_6)
FNDA:60,(anonymous_7)
FNDA:5,(anonymous_8)
FNDA:5,(anonymous_9)
FNDA:36,(anonymous_10)
DA:12,25
DA:14,25
DA:15,25
DA:20,25
DA:22,36
DA:23,3
DA:24,1
DA:27,25
DA:28,6
DA:29,2
DA:32,60
DA:34,25
DA:39,5
DA:70,36
LF:14
LH:14
BRDA:8,0,0,25
BRDA:9,1,0,25
BRDA:23,2,0,1
BRDA:23,2,1,2
BRDA:24,3,0,1
BRDA:24,3,1,1
BRDA:29,4,0,2
BRDA:29,4,1,2
BRDA:44,5,0,25
BRDA:44,5,1,15
BRDA:51,6,0,15
BRDA:51,6,1,10
BRDA:52,7,0,15
BRDA:52,7,1,10
BRDA:55,8,0,3
BRDA:55,8,1,12
BRF:16
BRH:16
end_of_record
TN:
SF:src/jsx/components/alert-management/schedule-picker.jsx
FN:7,(anonymous_0)
FN:7,(anonymous_1)
FN:12,SchedulePicker
FN:18,(anonymous_3)
FN:24,(anonymous_4)
FN:31,(anonymous_5)
FN:38,(anonymous_6)
FN:42,(anonymous_7)
FN:45,(anonymous_8)
FN:65,(anonymous_9)
FN:69,(anonymous_10)
FN:78,(anonymous_11)
FN:90,(anonymous_12)
FN:100,(anonymous_13)
FN:109,(anonymous_14)
FNF:15
FNH:9
FNDA:25,(anonymous_0)
FNDA:25,(anonymous_1)
FNDA:4,SchedulePicker
FNDA:0,(anonymous_3)
FNDA:0,(anonymous_4)
FNDA:0,(anonymous_5)
FNDA:1,(anonymous_6)
FNDA:1,(anonymous_7)
FNDA:1,(anonymous_8)
FNDA:1,(anonymous_9)
FNDA:7,(anonymous_10)
FNDA:0,(anonymous_11)
FNDA:0,(anonymous_12)
FNDA:0,(anonymous_13)
FNDA:1,(anonymous_14)
DA:7,25
DA:8,25
DA:13,4
DA:15,4
DA:16,4
DA:18,4
DA:19,0
DA:20,0
DA:22,0
DA:24,0
DA:28,0
DA:31,4
DA:32,0
DA:33,0
DA:35,0
DA:38,4
DA:39,1
DA:42,4
DA:44,1
DA:45,1
DA:48,4
DA:66,1
DA:70,7
DA:78,0
DA:90,0
DA:100,0
DA:109,1
LF:27
LH:16
BRDA:8,0,0,24
BRDA:8,0,1,1
BRDA:22,1,0,0
BRDA:22,1,1,0
BRF:4
BRH:2
end_of_record
TN:
SF:src/jsx/components/alert-management/site-filters.jsx
FN:22,(anonymous_0)
FN:23,(anonymous_1)
FN:23,(anonymous_2)
FN:28,extractOptions
FN:30,(anonymous_4)
FN:31,(anonymous_5)
FN:32,(anonymous_6)
FN:33,(anonymous_7)
FN:53,SiteFilters
FN:64,(anonymous_9)
FN:70,(anonymous_10)
FN:72,(anonymous_11)
FN:78,(anonymous_12)
FN:78,(anonymous_13)
FN:82,(anonymous_14)
FN:89,(anonymous_15)
FN:98,(anonymous_16)
FN:99,(anonymous_17)
FN:144,(anonymous_18)
FNF:19
FNH:11
FNDA:78,(anonymous_0)
FNDA:0,(anonymous_1)
FNDA:0,(anonymous_2)
FNDA:13,extractOptions
FNDA:39,(anonymous_4)
FNDA:25389,(anonymous_5)
FNDA:3445,(anonymous_6)
FNDA:244621,(anonymous_7)
FNDA:14,SiteFilters
FNDA:0,(anonymous_9)
FNDA:0,(anonymous_10)
FNDA:0,(anonymous_11)
FNDA:78,(anonymous_12)
FNDA:0,(anonymous_13)
FNDA:0,(anonymous_14)
FNDA:0,(anonymous_15)
FNDA:13,(anonymous_16)
FNDA:78,(anonymous_17)
FNDA:64,(anonymous_18)
DA:22,1
DA:23,78
DA:30,13
DA:31,25389
DA:32,3445
DA:33,244621
DA:36,13
DA:37,13
DA:38,13
DA:40,13
DA:41,13
DA:42,13
DA:44,13
DA:54,14
DA:55,14
DA:56,14
DA:58,14
DA:60,14
DA:62,13
DA:64,13
DA:65,0
DA:66,0
DA:67,0
DA:70,13
DA:72,0
DA:74,0
DA:75,0
DA:78,78
DA:81,0
DA:82,0
DA:84,0
DA:86,0
DA:88,0
DA:89,0
DA:91,0
DA:93,0
DA:98,13
DA:99,13
DA:100,78
DA:109,13
DA:110,13
DA:111,13
DA:112,13
DA:113,13
DA:114,13
DA:116,13
DA:118,13
DA:119,5
DA:121,8
DA:123,6
DA:132,13
DA:134,13
DA:139,13
DA:141,13
DA:145,64
LF:55
LH:41
BRDA:23,0,0,78
BRDA:23,0,1,78
BRDA:60,1,0,1
BRDA:60,1,1,13
BRDA:60,2,0,14
BRDA:60,2,1,1
BRDA:67,3,0,0
BRDA:67,3,1,0
BRDA:72,4,0,0
BRDA:72,4,1,0
BRDA:74,5,0,0
BRDA:74,5,1,0
BRDA:75,6,0,0
BRDA:75,6,1,0
BRDA:81,7,0,0
BRDA:81,7,1,0
BRDA:118,8,0,5
BRDA:118,8,1,8
BRDA:118,9,0,13
BRDA:118,9,1,10
BRDA:121,10,0,2
BRDA:121,10,1,6
BRDA:123,11,0,6
BRDA:123,11,1,0
BRDA:134,12,0,0
BRDA:134,12,1,13
BRDA:160,13,0,13
BRDA:160,13,1,0
BRDA:162,14,0,0
BRDA:162,14,1,13
BRF:30
BRH:16
end_of_record
TN:
SF:src/jsx/components/alert-management/use-filter-values.js
FN:10,populateFilterValues
FN:21,(anonymous_1)
FN:29,useFilterValues
FN:32,(anonymous_3)
FNF:4
FNH:2
FNDA:0,populateFilterValues
FNDA:0,(anonymous_1)
FNDA:14,useFilterValues
FNDA:7,(anonymous_3)
DA:7,1
DA:8,1
DA:11,0
DA:12,0
DA:21,0
DA:22,0
DA:23,0
DA:26,0
DA:30,14
DA:33,7
DA:40,7
DA:82,14
DA:85,14
DA:88,14
DA:90,14
DA:91,0
DA:94,14
DA:95,0
DA:98,14
LF:19
LH:11
BRDA:23,0,0,0
BRDA:23,0,1,0
BRDA:85,1,0,14
BRDA:85,1,1,0
BRDA:88,2,0,0
BRDA:88,2,1,14
BRDA:90,3,0,0
BRDA:90,3,1,14
BRDA:90,4,0,14
BRDA:90,4,1,0
BRDA:90,4,2,0
BRDA:94,5,0,0
BRDA:94,5,1,14
BRDA:94,6,0,14
BRDA:94,6,1,0
BRDA:94,6,2,0
BRF:16
BRH:6
end_of_record
TN:
SF:src/jsx/components/alert-report/add-comment-dialog.jsx
FN:10,(anonymous_0)
FN:14,(anonymous_1)
FN:40,(anonymous_2)
FNF:3
FNH:0
FNDA:0,(anonymous_0)
FNDA:0,(anonymous_1)
FNDA:0,(anonymous_2)
DA:10,1
DA:11,0
DA:12,0
DA:14,0
DA:15,0
DA:16,0
DA:17,0
DA:24,0
DA:27,0
DA:40,0
DA:60,1
LF:11
LH:2
BRDA:16,0,0,0
BRDA:16,0,1,0
BRDA:19,1,0,0
BRDA:19,1,1,0
BRDA:24,2,0,0
BRDA:24,2,1,0
BRF:6
BRH:0
end_of_record
TN:
SF:src/jsx/components/alert-report/alert-case.jsx
FN:17,(anonymous_0)
FN:43,(anonymous_1)
FNF:2
FNH:0
FNDA:0,(anonymous_0)
FNDA:0,(anonymous_1)
DA:15,1
DA:17,1
DA:18,0
DA:20,0
DA:22,0
DA:23,0
DA:24,0
DA:25,0
DA:26,0
DA:27,0
DA:28,0
DA:30,0
DA:32,0
DA:33,0
DA:38,0
DA:43,0
LF:16
LH:2
BRDA:30,0,0,0
BRDA:30,0,1,0
BRDA:30,0,2,0
BRDA:32,1,0,0
BRDA:32,1,1,0
BRDA:32,2,0,0
BRDA:32,2,1,0
BRDA:38,3,0,0
BRDA:38,3,1,0
BRF:9
BRH:0
end_of_record
TN:
SF:src/jsx/components/alert-report/alert-context.jsx
FNF:0
FNH:0
DA:3,1
LF:1
LH:1
BRF:0
BRH:0
end_of_record
TN:
SF:src/jsx/components/alert-report/alert-filter-accordion.jsx
FN:11,Group
FN:14,(anonymous_1)
FN:18,(anonymous_2)
FN:21,(anonymous_3)
FN:46,(anonymous_4)
FN:53,(anonymous_5)
FN:67,MultiSelect
FN:69,(anonymous_7)
FN:70,(anonymous_8)
FN:74,(anonymous_9)
FN:82,(anonymous_10)
FN:95,(anonymous_11)
FN:95,(anonymous_12)
FN:99,(anonymous_13)
FN:99,(anonymous_14)
FN:109,(anonymous_15)
FN:116,AlertFilterAccordion
FNF:17
FNH:7
FNDA:32,Group
FNDA:0,(anonymous_1)
FNDA:0,(anonymous_2)
FNDA:0,(anonymous_3)
FNDA:95,(anonymous_4)
FNDA:1,(anonymous_5)
FNDA:3,MultiSelect
FNDA:111,(anonymous_7)
FNDA:0,(anonymous_8)
FNDA:0,(anonymous_9)
FNDA:0,(anonymous_10)
FNDA:0,(anonymous_11)
FNDA:0,(anonymous_12)
FNDA:0,(anonymous_13)
FNDA:0,(anonymous_14)
FNDA:111,(anonymous_15)
FNDA:35,AlertFilterAccordion
DA:9,2
DA:12,32
DA:14,32
DA:15,0
DA:18,32
DA:21,32
DA:23,32
DA:47,95
DA:54,1
DA:68,3
DA:69,111
DA:70,0
DA:72,3
DA:74,3
DA:75,0
DA:76,0
DA:77,0
DA:82,3
DA:85,0
DA:86,0
DA:87,0
DA:88,0
DA:91,0
DA:95,0
DA:96,0
DA:99,0
DA:100,0
DA:102,0
DA:105,3
DA:109,111
DA:127,35
DA:129,35
DA:133,35
DA:137,35
LF:34
LH:19
BRDA:15,0,0,0
BRDA:15,0,1,0
BRDA:21,1,0,0
BRDA:21,1,1,32
BRDA:25,2,0,32
BRDA:25,2,1,12
BRDA:36,3,0,32
BRDA:36,3,1,32
BRDA:40,4,0,32
BRDA:40,4,1,24
BRDA:44,5,0,32
BRDA:44,5,1,24
BRDA:54,6,0,1
BRDA:54,6,1,1
BRDA:69,7,0,111
BRDA:69,7,1,0
BRDA:72,8,0,3
BRDA:72,8,1,0
BRDA:75,9,0,0
BRDA:75,9,1,0
BRDA:75,10,0,0
BRDA:75,10,1,0
BRDA:82,11,0,0
BRDA:85,12,0,0
BRDA:85,12,1,0
BRDA:96,13,0,0
BRDA:96,13,1,0
BRDA:100,14,0,0
BRDA:100,14,1,0
BRDA:102,15,0,0
BRDA:102,15,1,0
BRDA:133,16,0,8
BRDA:133,16,1,27
BRDA:145,17,0,3
BRDA:145,17,1,32
BRF:35
BRH:17
end_of_record
TN:
SF:src/jsx/components/alert-report/alert-report.jsx
FN:23,AlertReport
FN:49,(anonymous_1)
FN:57,(anonymous_2)
FN:71,(anonymous_3)
FN:107,(anonymous_4)
FN:111,(anonymous_5)
FN:117,(anonymous_6)
FNF:7
FNH:3
FNDA:3,AlertReport
FNDA:1,(anonymous_1)
FNDA:3,(anonymous_2)
FNDA:0,(anonymous_3)
FNDA:0,(anonymous_4)
FNDA:0,(anonymous_5)
FNDA:0,(anonymous_6)
DA:24,3
DA:25,3
DA:26,3
DA:27,3
DA:28,3
DA:29,3
DA:30,3
DA:32,3
DA:33,3
DA:47,3
DA:49,3
DA:50,1
DA:53,3
DA:55,3
DA:57,3
DA:58,3
DA:69,3
DA:71,3
DA:73,3
DA:75,3
DA:107,0
DA:111,0
DA:117,0
LF:23
LH:20
BRDA:32,0,0,3
BRDA:32,0,1,3
BRDA:53,1,0,0
BRDA:53,1,1,3
BRDA:55,2,0,3
BRDA:55,2,1,1
BRDA:58,3,0,1
BRDA:58,3,1,2
BRDA:86,4,0,1
BRDA:86,4,1,2
BRDA:102,5,0,2
BRDA:102,5,1,0
BRDA:111,6,0,2
BRDA:111,6,1,0
BRDA:113,7,0,2
BRDA:113,7,1,0
BRF:16
BRH:12
end_of_record
TN:
SF:src/jsx/components/alert-report/alert-table.jsx
FN:9,AlertTable
FN:11,(anonymous_1)
FN:33,(anonymous_2)
FN:35,(anonymous_3)
FN:76,(anonymous_4)
FN:78,(anonymous_5)
FNF:6
FNH:4
FNDA:2,AlertTable
FNDA:14,(anonymous_1)
FNDA:2,(anonymous_2)
FNDA:20,(anonymous_3)
FNDA:0,(anonymous_4)
FNDA:0,(anonymous_5)
DA:10,2
DA:11,2
DA:12,14
DA:18,14
DA:20,14
DA:23,2
DA:34,2
DA:36,20
DA:38,20
DA:77,0
DA:79,0
LF:11
LH:9
BRDA:18,0,0,0
BRDA:18,0,1,14
BRDA:27,1,0,2
BRDA:27,1,1,2
BRDA:36,2,0,20
BRDA:36,2,1,20
BRDA:47,3,0,14
BRDA:47,3,1,6
BRDA:49,4,0,0
BRDA:49,4,1,20
BRDA:53,5,0,14
BRDA:53,5,1,6
BRDA:55,6,0,20
BRDA:55,6,1,0
BRDA:71,7,0,2
BRDA:71,7,1,0
BRDA:71,7,2,0
BRF:17
BRH:12
end_of_record
TN:
SF:src/jsx/components/alert-report/alerts.jsx
FN:9,(anonymous_0)
FN:29,(anonymous_1)
FN:40,(anonymous_2)
FN:41,(anonymous_3)
FN:42,(anonymous_4)
FN:45,(anonymous_5)
FNF:6
FNH:0
FNDA:0,(anonymous_0)
FNDA:0,(anonymous_1)
FNDA:0,(anonymous_2)
FNDA:0,(anonymous_3)
FNDA:0,(anonymous_4)
FNDA:0,(anonymous_5)
DA:9,1
DA:10,0
DA:11,0
DA:12,0
DA:14,0
DA:15,0
DA:17,0
DA:28,1
DA:30,0
DA:31,0
DA:40,0
DA:41,0
DA:42,0
DA:46,0
DA:47,0
DA:48,0
DA:51,0
DA:52,0
LF:18
LH:2
BRDA:14,0,0,0
BRDA:14,0,1,0
BRDA:15,1,0,0
BRDA:15,1,1,0
BRDA:32,2,0,0
BRDA:32,2,1,0
BRDA:33,3,0,0
BRDA:33,3,1,0
BRDA:48,4,0,0
BRDA:48,4,1,0
BRDA:48,5,0,0
BRDA:48,5,1,0
BRF:12
BRH:0
end_of_record
TN:
SF:src/jsx/components/alert-report/case-conclusion-dialog.jsx
FN:14,(anonymous_0)
FN:26,(anonymous_1)
FN:31,(anonymous_2)
FN:35,(anonymous_3)
FN:39,(anonymous_4)
FN:53,(anonymous_5)
FN:63,(anonymous_6)
FN:73,(anonymous_7)
FN:79,(anonymous_8)
FN:113,(anonymous_9)
FN:122,(anonymous_10)
FN:130,(anonymous_11)
FN:151,(anonymous_12)
FNF:13
FNH:0
FNDA:0,(anonymous_0)
FNDA:0,(anonymous_1)
FNDA:0,(anonymous_2)
FNDA:0,(anonymous_3)
FNDA:0,(anonymous_4)
FNDA:0,(anonymous_5)
FNDA:0,(anonymous_6)
FNDA:0,(anonymous_7)
FNDA:0,(anonymous_8)
FNDA:0,(anonymous_9)
FNDA:0,(anonymous_10)
FNDA:0,(anonymous_11)
FNDA:0,(anonymous_12)
DA:14,1
DA:15,0
DA:16,0
DA:17,0
DA:18,0
DA:19,0
DA:21,0
DA:22,0
DA:24,0
DA:26,0
DA:27,0
DA:28,0
DA:31,0
DA:32,0
DA:35,0
DA:36,0
DA:39,0
DA:40,0
DA:42,0
DA:43,0
DA:46,0
DA:47,0
DA:50,0
DA:53,0
DA:54,0
DA:56,0
DA:57,0
DA:60,0
DA:63,0
DA:66,0
DA:67,0
DA:69,0
DA:73,0
DA:74,0
DA:75,0
DA:79,0
DA:80,0
DA:81,0
DA:82,0
DA:89,0
DA:93,0
DA:95,0
DA:97,0
DA:113,0
DA:123,0
DA:130,0
DA:151,0
DA:173,1
LF:48
LH:2
BRDA:14,0,0,0
BRDA:16,1,0,0
BRDA:16,1,1,0
BRDA:17,2,0,0
BRDA:17,2,1,0
BRDA:18,3,0,0
BRDA:18,3,1,0
BRDA:19,4,0,0
BRDA:19,4,1,0
BRDA:28,5,0,0
BRDA:28,5,1,0
BRDA:32,6,0,0
BRDA:32,6,1,0
BRDA:36,7,0,0
BRDA:36,7,1,0
BRDA:42,8,0,0
BRDA:42,8,1,0
BRDA:42,9,0,0
BRDA:42,9,1,0
BRDA:46,10,0,0
BRDA:46,10,1,0
BRDA:56,11,0,0
BRDA:56,11,1,0
BRDA:66,12,0,0
BRDA:66,12,1,0
BRDA:66,13,0,0
BRDA:66,13,1,0
BRDA:74,14,0,0
BRDA:74,14,1,0
BRDA:75,15,0,0
BRDA:75,15,1,0
BRDA:81,16,0,0
BRDA:81,16,1,0
BRDA:81,17,0,0
BRDA:81,17,1,0
BRDA:158,18,0,0
BRDA:158,18,1,0
BRF:37
BRH:0
end_of_record
TN:
SF:src/jsx/components/alert-report/cell-action.jsx
FN:10,(anonymous_0)
FN:12,(anonymous_1)
FN:14,(anonymous_2)
FN:21,(anonymous_3)
FN:23,(anonymous_4)
FN:30,(anonymous_5)
FN:37,ActionSelect
FN:40,(anonymous_7)
FN:49,(anonymous_8)
FN:58,CellAction
FN:70,(anonymous_10)
FN:73,(anonymous_11)
FN:164,(anonymous_12)
FNF:13
FNH:0
FNDA:0,(anonymous_0)
FNDA:0,(anonymous_1)
FNDA:0,(anonymous_2)
FNDA:0,(anonymous_3)
FNDA:0,(anonymous_4)
FNDA:0,(anonymous_5)
FNDA:0,ActionSelect
FNDA:0,(anonymous_7)
FNDA:0,(anonymous_8)
FNDA:0,CellAction
FNDA:0,(anonymous_10)
FNDA:0,(anonymous_11)
FNDA:0,(anonymous_12)
DA:10,1
DA:12,1
DA:14,1
DA:21,1
DA:23,1
DA:30,1
DA:38,0
DA:40,0
DA:41,0
DA:42,0
DA:44,0
DA:47,0
DA:50,0
DA:59,0
DA:60,0
DA:61,0
DA:64,0
DA:66,0
DA:67,0
DA:68,0
DA:70,0
DA:71,0
DA:73,0
DA:74,0
DA:76,0
DA:77,0
DA:78,0
DA:81,0
DA:82,0
DA:83,0
DA:86,0
DA:90,0
DA:94,0
DA:95,0
DA:106,0
DA:107,0
DA:126,0
DA:127,0
DA:147,0
DA:148,0
DA:163,0
DA:164,0
DA:165,0
DA:166,0
DA:169,0
DA:178,0
DA:180,0
DA:183,0
LF:48
LH:6
BRDA:44,0,0,0
BRDA:44,0,1,0
BRDA:64,1,0,0
BRDA:64,1,1,0
BRDA:74,2,0,0
BRDA:74,2,1,0
BRDA:76,3,0,0
BRDA:76,3,1,0
BRDA:81,4,0,0
BRDA:81,4,1,0
BRDA:94,5,0,0
BRDA:94,5,1,0
BRDA:106,6,0,0
BRDA:106,6,1,0
BRDA:126,7,0,0
BRDA:126,7,1,0
BRDA:147,8,0,0
BRDA:147,8,1,0
BRDA:147,9,0,0
BRDA:147,9,1,0
BRDA:163,10,0,0
BRDA:163,10,1,0
BRDA:163,11,0,0
BRDA:163,11,1,0
BRDA:172,12,0,0
BRDA:172,12,1,0
BRDA:173,13,0,0
BRDA:173,13,1,0
BRDA:178,14,0,0
BRDA:178,14,1,0
BRF:30
BRH:0
end_of_record
TN:
SF:src/jsx/components/alert-report/cell-alert-details.jsx
FN:6,CellAlertDetails
FNF:1
FNH:0
FNDA:0,CellAlertDetails
DA:7,0
DA:8,0
DA:10,0
DA:12,0
DA:13,0
DA:15,0
DA:17,0
DA:20,0
DA:21,0
DA:22,0
DA:23,0
DA:25,0
LF:12
LH:0
BRDA:10,0,0,0
BRDA:10,0,1,0
BRDA:12,1,0,0
BRDA:12,1,1,0
BRDA:15,2,0,0
BRDA:15,2,1,0
BRF:6
BRH:0
end_of_record
TN:
SF:src/jsx/components/alert-report/cell-alert-name.jsx
FN:7,isSimapSiteAlarm
FN:11,extractSimapPoint
FN:15,renderSimapAlertName
FN:24,AlertName
FN:33,extractAlertNameAndDescription
FN:57,CellAlertName
FNF:6
FNH:0
FNDA:0,isSimapSiteAlarm
FNDA:0,extractSimapPoint
FNDA:0,renderSimapAlertName
FNDA:0,AlertName
FNDA:0,extractAlertNameAndDescription
FNDA:0,CellAlertName
DA:4,1
DA:5,1
DA:8,0
DA:12,0
DA:16,0
DA:17,0
DA:19,0
DA:21,0
DA:26,0
DA:34,0
DA:35,0
DA:36,0
DA:37,0
DA:39,0
DA:40,0
DA:42,0
DA:45,0
DA:46,0
DA:47,0
DA:48,0
DA:51,0
DA:52,0
DA:54,0
DA:58,0
DA:60,0
DA:62,0
LF:26
LH:2
BRDA:17,0,0,0
BRDA:17,0,1,0
BRDA:19,1,0,0
BRDA:19,1,1,0
BRDA:35,2,0,0
BRDA:35,2,1,0
BRDA:45,3,0,0
BRDA:45,3,1,0
BRDA:54,4,0,0
BRDA:54,4,1,0
BRF:10
BRH:0
end_of_record
TN:
SF:src/jsx/components/alert-report/cell-created-at.jsx
FN:5,(anonymous_0)
FN:7,(anonymous_1)
FN:12,CellCreatedAt
FNF:3
FNH:0
FNDA:0,(anonymous_0)
FNDA:0,(anonymous_1)
FNDA:0,CellCreatedAt
DA:5,1
DA:7,1
DA:8,0
DA:9,0
DA:13,0
DA:14,0
DA:16,0
DA:18,0
DA:19,0
DA:22,0
LF:10
LH:2
BRDA:14,0,0,0
BRDA:14,0,1,0
BRDA:16,1,0,0
BRDA:16,1,1,0
BRDA:18,2,0,0
BRDA:18,2,1,0
BRF:6
BRH:0
end_of_record
TN:
SF:src/jsx/components/alert-report/cell-events.jsx
FN:4,CellEvents
FN:9,(anonymous_1)
FNF:2
FNH:0
FNDA:0,CellEvents
FNDA:0,(anonymous_1)
DA:5,0
DA:7,0
DA:9,0
LF:3
LH:0
BRF:0
BRH:0
end_of_record
TN:
SF:src/jsx/components/alert-report/cell-priority.jsx
FN:3,CellPriority
FNF:1
FNH:0
FNDA:0,CellPriority
DA:4,0
DA:6,0
LF:2
LH:0
BRF:0
BRH:0
end_of_record
TN:
SF:src/jsx/components/alert-report/cell-site-name.jsx
FN:3,CellSiteName
FNF:1
FNH:0
FNDA:0,CellSiteName
DA:4,0
DA:6,0
LF:2
LH:0
BRF:0
BRH:0
end_of_record
TN:
SF:src/jsx/components/alert-report/column-toggler.jsx
FN:4,(anonymous_0)
FN:12,ColumnToggler
FN:15,(anonymous_2)
FN:15,(anonymous_3)
FN:21,(anonymous_4)
FN:25,(anonymous_5)
FN:25,(anonymous_6)
FN:31,(anonymous_7)
FN:38,(anonymous_8)
FNF:9
FNH:0
FNDA:0,(anonymous_0)
FNDA:0,ColumnToggler
FNDA:0,(anonymous_2)
FNDA:0,(anonymous_3)
FNDA:0,(anonymous_4)
FNDA:0,(anonymous_5)
FNDA:0,(anonymous_6)
FNDA:0,(anonymous_7)
FNDA:0,(anonymous_8)
DA:4,1
DA:5,0
DA:6,0
DA:7,0
DA:9,0
DA:13,0
DA:15,0
DA:16,0
DA:19,0
DA:21,0
DA:22,0
DA:25,0
DA:26,0
DA:29,0
DA:31,0
DA:32,0
DA:35,0
DA:39,0
LF:18
LH:1
BRDA:19,0,0,0
BRDA:19,0,1,0
BRDA:29,1,0,0
BRDA:29,1,1,0
BRDA:47,2,0,0
BRDA:47,2,1,0
BRDA:52,3,0,0
BRDA:52,3,1,0
BRDA:60,4,0,0
BRDA:60,4,1,0
BRF:10
BRH:0
end_of_record
TN:
SF:src/jsx/components/alert-report/columns.jsx
FN:11,getColumns
FN:12,(anonymous_1)
FN:16,(anonymous_2)
FN:19,(anonymous_3)
FN:31,(anonymous_4)
FN:34,(anonymous_5)
FN:38,(anonymous_6)
FN:41,(anonymous_7)
FN:50,(anonymous_8)
FN:56,(anonymous_9)
FN:59,(anonymous_10)
FN:65,(anonymous_11)
FN:75,(anonymous_12)
FN:85,(anonymous_13)
FN:90,(anonymous_14)
FN:96,(anonymous_15)
FN:99,(anonymous_16)
FN:104,(anonymous_17)
FN:107,(anonymous_18)
FNF:19
FNH:2
FNDA:3,getColumns
FNDA:30,(anonymous_1)
FNDA:0,(anonymous_2)
FNDA:0,(anonymous_3)
FNDA:0,(anonymous_4)
FNDA:0,(anonymous_5)
FNDA:0,(anonymous_6)
FNDA:0,(anonymous_7)
FNDA:0,(anonymous_8)
FNDA:0,(anonymous_9)
FNDA:0,(anonymous_10)
FNDA:0,(anonymous_11)
FNDA:0,(anonymous_12)
FNDA:0,(anonymous_13)
FNDA:0,(anonymous_14)
FNDA:0,(anonymous_15)
FNDA:0,(anonymous_16)
FNDA:0,(anonymous_17)
FNDA:0,(anonymous_18)
DA:12,30
DA:14,3
DA:16,0
DA:20,0
DA:31,0
DA:34,0
DA:38,0
DA:42,0
DA:50,0
DA:56,0
DA:59,0
DA:66,0
DA:76,0
DA:78,0
DA:85,0
DA:90,0
DA:96,0
DA:99,0
DA:104,0
DA:107,0
DA:113,3
LF:21
LH:3
BRDA:23,0,0,0
BRDA:23,0,1,0
BRDA:104,1,0,0
BRDA:104,1,1,0
BRF:4
BRH:0
end_of_record
TN:
SF:src/jsx/components/alert-report/constants.js
FNF:0
FNH:0
DA:3,5
DA:5,5
DA:10,5
DA:20,5
DA:28,5
DA:29,5
DA:30,5
DA:31,5
DA:33,5
DA:34,5
DA:35,5
DA:36,5
DA:37,5
DA:38,5
DA:39,5
DA:40,5
DA:41,5
DA:42,5
DA:43,5
DA:45,5
LF:20
LH:20
BRDA:30,0,0,0
BRDA:30,0,1,5
BRF:2
BRH:1
end_of_record
TN:
SF:src/jsx/components/alert-report/event-dialog.jsx
FN:17,Comment
FN:61,HistoryEvent
FN:131,Events
FN:132,(anonymous_3)
FN:135,(anonymous_4)
FN:142,(anonymous_5)
FN:146,(anonymous_6)
FN:160,BaseEventDialog
FN:165,(anonymous_8)
FNF:9
FNH:0
FNDA:0,Comment
FNDA:0,HistoryEvent
FNDA:0,Events
FNDA:0,(anonymous_3)
FNDA:0,(anonymous_4)
FNDA:0,(anonymous_5)
FNDA:0,(anonymous_6)
FNDA:0,BaseEventDialog
FNDA:0,(anonymous_8)
DA:18,0
DA:20,0
DA:31,0
DA:32,0
DA:33,0
DA:35,0
DA:36,0
DA:40,0
DA:57,0
DA:62,0
DA:64,0
DA:71,0
DA:82,0
DA:83,0
DA:100,0
DA:101,0
DA:103,0
DA:114,0
DA:117,0
DA:127,0
DA:132,0
DA:135,0
DA:138,0
DA:140,0
DA:143,0
DA:147,0
DA:161,0
DA:162,0
DA:163,0
DA:165,0
DA:166,0
DA:167,0
DA:173,0
DA:203,1
LF:34
LH:1
BRDA:17,0,0,0
BRDA:18,1,0,0
BRDA:18,1,1,0
BRDA:18,1,2,0
BRDA:25,2,0,0
BRDA:25,2,1,0
BRDA:36,3,0,0
BRDA:36,3,1,0
BRDA:45,4,0,0
BRDA:45,4,1,0
BRDA:62,5,0,0
BRDA:62,5,1,0
BRDA:62,5,2,0
BRDA:62,5,3,0
BRDA:62,5,4,0
BRDA:62,5,5,0
BRDA:62,5,6,0
BRDA:74,6,0,0
BRDA:74,6,1,0
BRDA:91,7,0,0
BRDA:91,7,1,0
BRDA:100,8,0,0
BRDA:100,8,1,0
BRDA:100,9,0,0
BRDA:100,9,1,0
BRDA:107,10,0,0
BRDA:107,10,1,0
BRDA:132,11,0,0
BRDA:132,11,1,0
BRDA:166,12,0,0
BRDA:166,12,1,0
BRDA:188,13,0,0
BRDA:188,13,1,0
BRF:33
BRH:0
end_of_record
TN:
SF:src/jsx/components/alert-report/filter-button.jsx
FN:3,FilterButton
FN:6,(anonymous_1)
FNF:2
FNH:2
FNDA:4,FilterButton
FNDA:25,(anonymous_1)
DA:4,4
DA:6,25
DA:8,4
LF:3
LH:3
BRDA:11,0,0,4
BRDA:11,0,1,3
BRF:2
BRH:2
end_of_record
TN:
SF:src/jsx/components/alert-report/filter-logic.js
FN:11,filterCases
FN:12,(anonymous_1)
FN:15,(anonymous_2)
FN:32,(anonymous_3)
FN:34,(anonymous_4)
FN:58,(anonymous_5)
FN:73,getBackendFilterParameters
FN:80,makeFilteringOptions
FN:143,(anonymous_8)
FN:149,(anonymous_9)
FN:167,parseFromQueryString
FN:173,(anonymous_11)
FNF:12
FNH:8
FNDA:9,filterCases
FNDA:120,(anonymous_1)
FNDA:120,(anonymous_2)
FNDA:0,(anonymous_3)
FNDA:0,(anonymous_4)
FNDA:120,(anonymous_5)
FNDA:3,getBackendFilterParameters
FNDA:1,makeFilteringOptions
FNDA:0,(anonymous_8)
FNDA:0,(anonymous_9)
FNDA:7,parseFromQueryString
FNDA:6,(anonymous_11)
DA:12,9
DA:13,120
DA:14,120
DA:16,120
DA:20,120
DA:21,0
DA:24,120
DA:29,0
DA:32,9
DA:34,9
DA:35,0
DA:36,0
DA:40,0
DA:44,0
DA:47,9
DA:48,9
DA:49,9
DA:50,9
DA:51,9
DA:52,9
DA:53,9
DA:54,9
DA:55,9
DA:57,9
DA:59,120
DA:74,3
DA:81,1
DA:82,1
DA:84,1
DA:85,1
DA:87,1
DA:88,1
DA:90,1
DA:91,1
DA:92,1
DA:94,1
DA:96,1
DA:97,0
DA:98,0
DA:99,0
DA:100,0
DA:106,0
DA:107,0
DA:108,0
DA:109,0
DA:114,0
DA:115,0
DA:116,0
DA:119,0
DA:120,0
DA:121,0
DA:123,0
DA:125,0
DA:126,0
DA:127,0
DA:129,0
DA:132,0
DA:138,0
DA:139,0
DA:141,0
DA:142,0
DA:143,0
DA:144,0
DA:149,1
DA:151,1
DA:173,7
DA:175,7
DA:177,4
LF:68
LH:36
BRDA:13,0,0,120
BRDA:13,0,1,0
BRDA:16,1,0,120
BRDA:16,1,1,120
BRDA:20,2,0,0
BRDA:20,2,1,120
BRDA:32,3,0,0
BRDA:32,3,1,0
BRDA:35,4,0,0
BRDA:35,4,1,0
BRDA:40,5,0,0
BRDA:40,5,1,0
BRDA:40,6,0,0
BRDA:40,6,1,0
BRDA:40,6,2,0
BRDA:59,7,0,120
BRDA:59,7,1,0
BRDA:59,7,2,0
BRDA:59,7,3,0
BRDA:59,7,4,0
BRDA:59,7,5,0
BRDA:59,7,6,0
BRDA:59,7,7,0
BRDA:59,7,8,0
BRDA:59,7,9,0
BRDA:59,7,10,0
BRDA:61,8,0,0
BRDA:61,8,1,0
BRDA:73,9,0,0
BRDA:98,10,0,0
BRDA:98,10,1,0
BRDA:98,11,0,0
BRDA:98,11,1,0
BRDA:107,12,0,0
BRDA:107,12,1,0
BRDA:107,13,0,0
BRDA:107,13,1,0
BRDA:115,14,0,0
BRDA:115,14,1,0
BRDA:115,15,0,0
BRDA:115,15,1,0
BRDA:120,16,0,0
BRDA:120,16,1,0
BRDA:125,17,0,0
BRDA:125,17,1,0
BRDA:142,18,0,0
BRDA:142,18,1,0
BRDA:175,19,0,3
BRDA:175,19,1,4
BRF:49
BRH:7
end_of_record
TN:
SF:src/jsx/components/alert-report/filter-sidebar.jsx
FN:25,(anonymous_0)
FN:25,(anonymous_1)
FN:30,(anonymous_2)
FN:34,FilterSidebar
FN:45,(anonymous_4)
FN:45,(anonymous_5)
FN:123,(anonymous_6)
FN:144,(anonymous_7)
FNF:8
FNH:7
FNDA:15,(anonymous_0)
FNDA:65,(anonymous_1)
FNDA:171,(anonymous_2)
FNDA:5,FilterSidebar
FNDA:45,(anonymous_4)
FNDA:1,(anonymous_5)
FNDA:35,(anonymous_6)
FNDA:0,(anonymous_7)
DA:25,15
DA:26,65
DA:30,171
DA:43,5
DA:45,45
DA:46,1
DA:49,5
DA:93,5
DA:94,0
DA:107,5
DA:124,35
DA:145,0
DA:146,0
LF:13
LH:10
BRDA:30,0,0,65
BRDA:30,0,1,65
BRDA:46,1,0,1
BRDA:46,1,1,1
BRDA:93,2,0,0
BRDA:93,2,1,5
BRDA:140,3,0,0
BRDA:140,3,1,5
BRF:8
BRH:6
end_of_record
TN:
SF:src/jsx/components/alert-report/filter-time-ago.jsx
FN:5,calculateTimeAgo
FN:13,FilterTimeAgo
FN:19,(anonymous_2)
FN:19,(anonymous_3)
FN:54,(anonymous_4)
FNF:5
FNH:3
FNDA:0,calculateTimeAgo
FNDA:10,FilterTimeAgo
FNDA:20,(anonymous_2)
FNDA:0,(anonymous_3)
FNDA:10,(anonymous_4)
DA:7,0
DA:8,0
DA:10,0
DA:14,10
DA:15,10
DA:17,10
DA:19,20
DA:20,0
DA:21,0
DA:23,0
DA:28,0
DA:31,10
DA:36,10
DA:54,10
LF:14
LH:7
BRDA:7,0,0,0
BRDA:7,0,1,0
BRDA:10,1,0,0
BRDA:10,1,1,0
BRDA:13,2,0,0
BRDA:20,3,0,0
BRDA:20,3,1,0
BRDA:24,4,0,0
BRDA:24,4,1,0
BRDA:25,5,0,0
BRDA:25,5,1,0
BRDA:28,6,0,0
BRDA:28,6,1,0
BRDA:28,7,0,0
BRDA:28,7,1,0
BRF:15
BRH:0
end_of_record
TN:
SF:src/jsx/components/alert-report/filter.jsx
FN:6,(anonymous_0)
FN:9,(anonymous_1)
FN:15,(anonymous_2)
FN:24,(anonymous_3)
FN:31,(anonymous_4)
FN:44,(anonymous_5)
FNF:6
FNH:4
FNDA:35,(anonymous_0)
FNDA:141,(anonymous_1)
FNDA:0,(anonymous_2)
FNDA:35,(anonymous_3)
FNDA:1,(anonymous_4)
FNDA:0,(anonymous_5)
DA:6,2
DA:8,35
DA:10,141
DA:16,0
DA:21,35
DA:24,2
DA:25,35
DA:26,35
DA:27,35
DA:32,1
DA:33,1
DA:45,0
DA:46,0
LF:13
LH:10
BRDA:8,0,0,35
BRDA:8,0,1,20
BRDA:24,1,0,20
BRF:3
BRH:3
end_of_record
TN:
SF:src/jsx/components/alert-report/pagination.jsx
FN:4,Pagination
FN:14,(anonymous_1)
FN:22,(anonymous_2)
FN:30,(anonymous_3)
FN:38,(anonymous_4)
FN:59,(anonymous_5)
FN:71,(anonymous_6)
FN:74,(anonymous_7)
FNF:8
FNH:2
FNDA:2,Pagination
FNDA:0,(anonymous_1)
FNDA:0,(anonymous_2)
FNDA:0,(anonymous_3)
FNDA:0,(anonymous_4)
FNDA:0,(anonymous_5)
FNDA:0,(anonymous_6)
FNDA:6,(anonymous_7)
DA:5,2
DA:7,2
DA:14,0
DA:22,0
DA:30,0
DA:38,0
DA:60,0
DA:61,0
DA:72,0
DA:75,6
LF:10
LH:3
BRDA:60,0,0,0
BRDA:60,0,1,0
BRF:2
BRH:0
end_of_record
TN:
SF:src/jsx/components/alert-report/use-alert-table.js
FN:26,useAlertTable
FN:51,(anonymous_1)
FN:55,(anonymous_2)
FN:62,(anonymous_3)
FN:66,(anonymous_4)
FN:67,(anonymous_5)
FN:83,(anonymous_6)
FN:98,(anonymous_7)
FN:98,(anonymous_8)
FN:111,(anonymous_9)
FN:113,(anonymous_10)
FN:114,(anonymous_11)
FN:118,(anonymous_12)
FN:124,(anonymous_13)
FN:134,(anonymous_14)
FN:161,(anonymous_15)
FN:165,(anonymous_16)
FN:172,(anonymous_17)
FN:177,(anonymous_18)
FN:178,(anonymous_19)
FN:179,(anonymous_20)
FN:196,(anonymous_21)
FN:209,(anonymous_22)
FNF:23
FNH:6
FNDA:3,useAlertTable
FNDA:0,(anonymous_1)
FNDA:1,(anonymous_2)
FNDA:0,(anonymous_3)
FNDA:1,(anonymous_4)
FNDA:1,(anonymous_5)
FNDA:1,(anonymous_6)
FNDA:0,(anonymous_7)
FNDA:0,(anonymous_8)
FNDA:3,(anonymous_9)
FNDA:0,(anonymous_10)
FNDA:0,(anonymous_11)
FNDA:0,(anonymous_12)
FNDA:0,(anonymous_13)
FNDA:0,(anonymous_14)
FNDA:0,(anonymous_15)
FNDA:0,(anonymous_16)
FNDA:0,(anonymous_17)
FNDA:0,(anonymous_18)
FNDA:0,(anonymous_19)
FNDA:0,(anonymous_20)
FNDA:0,(anonymous_21)
FNDA:0,(anonymous_22)
DA:27,3
DA:28,3
DA:30,3
DA:43,3
DA:45,3
DA:47,3
DA:49,3
DA:51,3
DA:53,3
DA:56,1
DA:62,1
DA:67,1
DA:68,1
DA:69,1
DA:70,1
DA:72,1
DA:73,6
DA:74,6
DA:77,1
DA:83,3
DA:84,1
DA:88,1
DA:90,1
DA:91,0
DA:92,0
DA:94,1
DA:95,0
DA:96,0
DA:98,0
DA:100,0
DA:102,0
DA:104,1
DA:107,3
DA:108,3
DA:109,3
DA:111,3
DA:113,3
DA:114,0
DA:115,0
DA:117,0
DA:118,0
DA:119,0
DA:120,0
DA:121,0
DA:122,0
DA:124,0
DA:128,0
DA:131,0
DA:134,0
DA:135,0
DA:136,0
DA:139,0
DA:141,0
DA:145,3
DA:162,0
DA:163,0
DA:166,0
DA:167,0
DA:168,0
DA:172,3
DA:173,0
DA:174,0
DA:177,3
DA:178,0
DA:179,0
DA:180,0
DA:181,0
DA:182,0
DA:184,0
DA:185,0
DA:189,0
DA:192,0
DA:195,3
DA:197,0
DA:199,0
DA:208,3
DA:210,0
DA:212,0
DA:221,3
LF:79
LH:36
BRDA:26,0,0,0
BRDA:53,1,0,2
BRDA:56,2,0,1
BRDA:90,3,0,0
BRDA:90,3,1,1
BRDA:92,4,0,0
BRDA:92,4,1,0
BRDA:94,5,0,0
BRDA:94,5,1,1
BRDA:96,6,0,0
BRDA:96,6,1,0
BRDA:96,7,0,0
BRDA:96,7,1,0
BRDA:100,8,0,0
BRDA:100,8,1,0
BRDA:107,9,0,3
BRDA:107,9,1,3
BRDA:108,10,0,3
BRDA:108,10,1,3
BRDA:117,11,0,0
BRDA:117,11,1,0
BRDA:117,12,0,0
BRDA:117,12,1,0
BRDA:118,13,0,0
BRDA:118,13,1,0
BRDA:118,14,0,0
BRDA:118,14,1,0
BRDA:119,15,0,0
BRDA:119,15,1,0
BRDA:121,16,0,0
BRDA:121,16,1,0
BRDA:121,17,0,0
BRDA:121,17,1,0
BRDA:166,18,0,0
BRDA:166,18,1,0
BRF:35
BRH:8
end_of_record
TN:
SF:src/jsx/components/alert-report/visible-columns.jsx
FN:8,VisibleColumns
FN:23,(anonymous_1)
FN:23,(anonymous_2)
FNF:3
FNH:1
FNDA:2,VisibleColumns
FNDA:0,(anonymous_1)
FNDA:0,(anonymous_2)
DA:9,2
DA:10,2
DA:11,2
DA:16,2
DA:18,2
DA:23,0
LF:6
LH:5
BRDA:29,0,0,2
BRDA:29,0,1,0
BRDA:39,1,0,0
BRDA:39,1,1,0
BRDA:40,2,0,0
BRDA:40,2,1,0
BRF:6
BRH:1
end_of_record
TN:
SF:src/jsx/components/apartments/action-suggestions.jsx
FN:8,ActionSuggestions
FN:16,(anonymous_1)
FN:20,(anonymous_2)
FN:52,(anonymous_3)
FNF:4
FNH:0
FNDA:0,ActionSuggestions
FNDA:0,(anonymous_1)
FNDA:0,(anonymous_2)
FNDA:0,(anonymous_3)
DA:9,0
DA:10,0
DA:12,0
DA:14,0
DA:16,0
DA:20,0
DA:53,0
LF:7
LH:0
BRDA:12,0,0,0
BRDA:12,0,1,0
BRF:2
BRH:0
end_of_record
TN:
SF:src/jsx/components/apartments/apartment-aggregate-table.jsx
FN:13,showValue
FN:25,(anonymous_1)
FN:36,(anonymous_2)
FNF:3
FNH:3
FNDA:154,showValue
FNDA:22,(anonymous_1)
FNDA:4,(anonymous_2)
DA:14,154
DA:15,38
DA:16,116
DA:17,77
DA:19,77
DA:22,39
DA:25,2
DA:26,22
DA:27,22
DA:29,22
DA:30,22
DA:31,22
DA:33,22
DA:34,22
DA:36,22
DA:37,4
DA:43,22
DA:45,22
DA:47,22
LF:19
LH:19
BRDA:13,0,0,88
BRDA:13,1,0,110
BRDA:13,2,0,132
BRDA:14,3,0,38
BRDA:14,3,1,116
BRDA:14,4,0,154
BRDA:14,4,1,115
BRDA:16,5,0,77
BRDA:16,5,1,39
BRDA:19,6,0,2
BRDA:19,6,1,75
BRDA:19,7,0,77
BRDA:19,7,1,38
BRDA:66,8,0,0
BRDA:66,8,1,22
BRDA:66,9,0,22
BRDA:66,9,1,0
BRDA:105,10,0,0
BRDA:105,10,1,22
BRDA:105,11,0,22
BRDA:105,11,1,0
BRF:21
BRH:17
end_of_record
TN:
SF:src/jsx/components/apartments/apartment-graphs-view.jsx
FN:41,groupGraphData
FN:45,(anonymous_1)
FN:50,(anonymous_2)
FN:54,(anonymous_3)
FN:60,(anonymous_4)
FN:60,(anonymous_5)
FN:68,(anonymous_6)
FN:69,(anonymous_7)
FN:73,(anonymous_8)
FN:92,(anonymous_9)
FN:108,(anonymous_10)
FN:113,(anonymous_11)
FN:123,(anonymous_12)
FN:137,(anonymous_13)
FN:140,(anonymous_14)
FN:163,(anonymous_15)
FN:170,(anonymous_16)
FN:184,(anonymous_17)
FN:194,(anonymous_18)
FN:196,(anonymous_19)
FN:205,(anonymous_20)
FN:242,(anonymous_21)
FN:272,(anonymous_22)
FN:282,(anonymous_23)
FNF:24
FNH:20
FNDA:8,groupGraphData
FNDA:777,(anonymous_1)
FNDA:105,(anonymous_2)
FNDA:98,(anonymous_3)
FNDA:105,(anonymous_4)
FNDA:98,(anonymous_5)
FNDA:105,(anonymous_6)
FNDA:98,(anonymous_7)
FNDA:11,(anonymous_8)
FNDA:2,(anonymous_9)
FNDA:2,(anonymous_10)
FNDA:1,(anonymous_11)
FNDA:1,(anonymous_12)
FNDA:1,(anonymous_13)
FNDA:0,(anonymous_14)
FNDA:0,(anonymous_15)
FNDA:0,(anonymous_16)
FNDA:55,(anonymous_17)
FNDA:1,(anonymous_18)
FNDA:8,(anonymous_19)
FNDA:15,(anonymous_20)
FNDA:0,(anonymous_21)
FNDA:1,(anonymous_22)
FNDA:777,(anonymous_23)
DA:42,8
DA:45,777
DA:49,7
DA:51,105
DA:52,105
DA:54,98
DA:60,105
DA:67,7
DA:68,105
DA:69,98
DA:73,1
DA:74,11
DA:75,11
DA:76,11
DA:77,11
DA:78,11
DA:79,11
DA:80,11
DA:82,11
DA:83,11
DA:85,11
DA:86,11
DA:87,11
DA:88,11
DA:90,11
DA:92,11
DA:93,2
DA:101,11
DA:102,11
DA:104,11
DA:108,11
DA:109,2
DA:113,11
DA:114,1
DA:123,11
DA:124,1
DA:125,1
DA:126,1
DA:137,11
DA:138,1
DA:139,0
DA:140,0
DA:143,0
DA:149,0
DA:150,0
DA:163,11
DA:164,0
DA:166,0
DA:167,0
DA:170,11
DA:171,0
DA:172,0
DA:173,0
DA:175,0
DA:176,0
DA:178,0
DA:179,0
DA:182,11
DA:183,11
DA:184,55
DA:186,11
DA:188,11
DA:190,8
DA:192,8
DA:194,8
DA:196,8
DA:197,8
DA:199,0
DA:200,0
DA:203,8
DA:205,8
DA:206,15
DA:207,15
DA:210,8
DA:242,0
DA:272,1
DA:282,777
LF:77
LH:59
BRDA:42,0,0,1
BRDA:42,0,1,7
BRDA:42,1,0,8
BRDA:42,1,1,7
BRDA:77,2,0,11
BRDA:77,2,1,0
BRDA:86,3,0,11
BRDA:86,3,1,7
BRDA:87,4,0,7
BRDA:87,4,1,4
BRDA:88,5,0,7
BRDA:88,5,1,4
BRDA:104,6,0,11
BRDA:104,6,1,0
BRDA:124,7,0,1
BRDA:124,7,1,0
BRDA:124,8,0,1
BRDA:124,8,1,1
BRDA:138,9,0,0
BRDA:138,9,1,1
BRDA:138,10,0,1
BRDA:138,10,1,1
BRDA:139,11,0,0
BRDA:139,11,1,0
BRDA:143,12,0,0
BRDA:143,12,1,0
BRDA:145,13,0,0
BRDA:145,13,1,0
BRDA:149,14,0,0
BRDA:149,14,1,0
BRDA:149,15,0,0
BRDA:149,15,1,0
BRDA:173,16,0,0
BRDA:173,16,1,0
BRDA:182,17,0,11
BRDA:182,17,1,0
BRDA:186,18,0,7
BRDA:186,18,1,4
BRDA:188,19,0,3
BRDA:188,19,1,8
BRDA:190,20,0,0
BRDA:190,20,1,8
BRDA:197,21,0,8
BRDA:197,21,1,0
BRDA:197,22,0,8
BRDA:197,22,1,8
BRDA:207,23,0,15
BRDA:207,23,1,0
BRDA:220,24,0,8
BRDA:220,24,1,0
BRDA:231,25,0,8
BRDA:231,25,1,0
BRDA:282,26,0,7
BRDA:282,26,1,1
BRF:54
BRH:32
end_of_record
TN:
SF:src/jsx/components/apartments/apartment-selection.jsx
FN:9,ApartmentSelection
FN:16,(anonymous_1)
FN:22,(anonymous_2)
FN:23,(anonymous_3)
FN:32,(anonymous_4)
FN:37,(anonymous_5)
FN:44,(anonymous_6)
FNF:7
FNH:7
FNDA:12,ApartmentSelection
FNDA:212,(anonymous_1)
FNDA:12,(anonymous_2)
FNDA:8,(anonymous_3)
FNDA:12,(anonymous_4)
FNDA:1,(anonymous_5)
FNDA:6,(anonymous_6)
DA:10,12
DA:11,12
DA:13,12
DA:14,12
DA:16,12
DA:17,212
DA:20,12
DA:22,12
DA:23,12
DA:24,8
DA:25,8
DA:28,12
DA:29,4
DA:32,12
DA:33,12
DA:34,12
DA:37,12
DA:38,1
DA:39,1
DA:41,1
DA:44,12
DA:45,6
DA:47,6
DA:55,12
LF:24
LH:24
BRDA:14,0,0,12
BRDA:14,0,1,0
BRDA:28,1,0,4
BRDA:28,1,1,8
BRDA:33,2,0,12
BRDA:33,2,1,0
BRDA:38,3,0,1
BRDA:38,3,1,0
BRDA:45,4,0,0
BRDA:45,4,1,6
BRDA:58,5,0,12
BRDA:58,5,1,12
BRF:12
BRH:8
end_of_record
TN:
SF:src/jsx/components/apartments/download-csv.jsx
FN:8,DownloadCsvButton
FN:29,(anonymous_1)
FN:30,(anonymous_2)
FNF:3
FNH:3
FNDA:8,DownloadCsvButton
FNDA:15,(anonymous_1)
FNDA:14,(anonymous_2)
DA:17,8
DA:19,8
DA:29,15
DA:31,14
DA:33,14
LF:5
LH:5
BRF:0
BRH:0
end_of_record
TN:
SF:src/jsx/components/apartments/hooks.js
FN:8,(anonymous_0)
FN:9,(anonymous_1)
FN:17,(anonymous_2)
FN:30,useVisibleSeries
FN:45,(anonymous_4)
FN:46,(anonymous_5)
FN:50,(anonymous_6)
FN:52,(anonymous_7)
FN:70,(anonymous_8)
FN:73,(anonymous_9)
FN:78,(anonymous_10)
FN:81,(anonymous_11)
FN:82,(anonymous_12)
FN:87,(anonymous_13)
FN:88,(anonymous_14)
FN:94,(anonymous_15)
FN:103,(anonymous_16)
FN:105,(anonymous_17)
FN:105,(anonymous_18)
FN:109,(anonymous_19)
FN:109,(anonymous_20)
FNF:21
FNH:20
FNDA:11,(anonymous_0)
FNDA:2,(anonymous_1)
FNDA:999,(anonymous_2)
FNDA:57,useVisibleSeries
FNDA:7,(anonymous_4)
FNDA:7,(anonymous_5)
FNDA:2,(anonymous_6)
FNDA:8,(anonymous_7)
FNDA:4,(anonymous_8)
FNDA:0,(anonymous_9)
FNDA:22,(anonymous_10)
FNDA:44,(anonymous_11)
FNDA:403,(anonymous_12)
FNDA:21,(anonymous_13)
FNDA:44,(anonymous_14)
FNDA:18,(anonymous_15)
FNDA:2,(anonymous_16)
FNDA:2,(anonymous_17)
FNDA:4,(anonymous_18)
FNDA:7,(anonymous_19)
FNDA:14,(anonymous_20)
DA:8,3
DA:9,11
DA:10,2
DA:17,999
DA:19,11
DA:34,57
DA:42,57
DA:45,57
DA:46,7
DA:49,7
DA:50,2
DA:52,8
DA:54,2
DA:58,2
DA:60,2
DA:67,5
DA:69,4
DA:70,4
DA:73,5
DA:77,57
DA:79,22
DA:81,21
DA:82,403
DA:83,44
DA:86,21
DA:87,21
DA:88,21
DA:89,44
DA:90,44
DA:92,42
DA:94,18
DA:97,21
DA:103,57
DA:104,2
DA:105,4
DA:109,57
DA:111,57
LF:37
LH:37
BRDA:17,0,0,9
BRDA:17,0,1,2
BRDA:49,1,0,2
BRDA:49,1,1,5
BRDA:58,2,0,0
BRDA:58,2,1,2
BRDA:67,3,0,4
BRDA:67,3,1,1
BRDA:69,4,0,4
BRDA:69,4,1,0
BRDA:70,5,0,4
BRDA:70,5,1,0
BRDA:73,6,0,0
BRDA:73,6,1,5
BRDA:79,7,0,1
BRDA:79,7,1,21
BRDA:82,8,0,403
BRDA:82,8,1,361
BRDA:90,9,0,2
BRDA:90,9,1,42
BRDA:92,10,0,25
BRDA:92,10,1,17
BRF:22
BRH:18
end_of_record
TN:
SF:src/jsx/components/apartments/view.jsx
FN:4,(anonymous_0)
FNF:1
FNH:1
FNDA:1,(anonymous_0)
DA:4,1
DA:5,1
LF:2
LH:2
BRF:0
BRH:0
end_of_record
TN:
SF:src/jsx/components/apartments/__tests__/__data__/graph-data.js
FN:352,(anonymous_0)
FN:365,(anonymous_1)
FN:366,(anonymous_2)
FNF:3
FNH:3
FNDA:52,(anonymous_0)
FNDA:26,(anonymous_1)
FNDA:26,(anonymous_2)
DA:3,2
DA:175,2
DA:347,2
DA:352,2
DA:353,52
DA:354,36
DA:356,16
DA:359,2
DA:364,2
DA:365,26
DA:366,26
LF:11
LH:11
BRDA:353,0,0,16
BRDA:353,0,1,36
BRDA:354,1,0,20
BRDA:354,1,1,16
BRF:4
BRH:4
end_of_record
TN:
SF:src/jsx/components/api-key-management/api-key-form.jsx
FN:11,(anonymous_0)
FN:12,(anonymous_1)
FN:18,(anonymous_2)
FN:21,(anonymous_3)
FN:31,(anonymous_4)
FN:42,(anonymous_5)
FN:49,(anonymous_6)
FN:69,(anonymous_7)
FN:70,(anonymous_8)
FN:77,(anonymous_9)
FN:84,(anonymous_10)
FN:96,(anonymous_11)
FNF:12
FNH:8
FNDA:25,(anonymous_0)
FNDA:4,(anonymous_1)
FNDA:4,(anonymous_2)
FNDA:25,(anonymous_3)
FNDA:1,(anonymous_4)
FNDA:0,(anonymous_5)
FNDA:0,(anonymous_6)
FNDA:2,(anonymous_7)
FNDA:57,(anonymous_8)
FNDA:14,(anonymous_9)
FNDA:0,(anonymous_10)
FNDA:0,(anonymous_11)
DA:11,1
DA:12,25
DA:13,4
DA:18,4
DA:21,1
DA:22,25
DA:23,25
DA:24,25
DA:25,25
DA:26,25
DA:27,25
DA:29,25
DA:31,25
DA:32,1
DA:39,1
DA:42,25
DA:43,0
DA:44,0
DA:47,25
DA:49,25
DA:50,0
DA:51,0
DA:54,25
DA:55,6
DA:61,19
DA:69,2
DA:70,57
DA:77,14
DA:84,0
DA:96,0
LF:30
LH:24
BRDA:44,0,0,0
BRDA:44,0,1,0
BRDA:47,1,0,25
BRDA:47,1,1,21
BRDA:47,1,2,15
BRDA:54,2,0,6
BRDA:54,2,1,19
BRDA:110,3,0,1
BRDA:110,3,1,18
BRDA:118,4,0,1
BRDA:118,4,1,0
BRF:11
BRH:8
end_of_record
TN:
SF:src/jsx/components/building/building-row.jsx
FN:6,BuildingRow
FN:9,(anonymous_1)
FN:9,(anonymous_2)
FN:10,(anonymous_3)
FN:14,(anonymous_4)
FN:14,(anonymous_5)
FN:20,(anonymous_6)
FN:26,(anonymous_7)
FN:47,(anonymous_8)
FNF:9
FNH:6
FNDA:1,BuildingRow
FNDA:7,(anonymous_1)
FNDA:0,(anonymous_2)
FNDA:0,(anonymous_3)
FNDA:12,(anonymous_4)
FNDA:0,(anonymous_5)
FNDA:12,(anonymous_6)
FNDA:12,(anonymous_7)
FNDA:1,(anonymous_8)
DA:7,1
DA:9,7
DA:10,0
DA:11,0
DA:14,12
DA:15,0
DA:16,0
DA:20,1
DA:21,12
DA:22,0
DA:26,1
DA:27,12
DA:28,12
DA:29,12
DA:30,0
DA:31,0
DA:32,0
DA:33,0
DA:34,0
DA:36,0
DA:38,0
DA:41,12
DA:44,1
DA:48,1
LF:24
LH:12
BRDA:15,0,0,0
BRDA:15,0,1,0
BRDA:21,1,0,0
BRDA:21,1,1,12
BRDA:21,2,0,12
BRDA:21,2,1,12
BRDA:29,3,0,0
BRDA:29,3,1,12
BRDA:29,4,0,12
BRDA:29,4,1,0
BRDA:31,5,0,0
BRDA:31,5,1,0
BRDA:33,6,0,0
BRDA:33,6,1,0
BRDA:38,7,0,0
BRDA:38,7,1,0
BRDA:38,8,0,0
BRDA:38,8,1,0
BRDA:38,8,2,0
BRDA:46,9,0,1
BRDA:46,9,1,1
BRF:21
BRH:7
end_of_record
TN:
SF:src/jsx/components/building/building-styler.js
FN:3,rgb
FN:9,textColor
FN:20,interpolateRGB
FN:32,(anonymous_3)
FN:36,(anonymous_4)
FN:45,(anonymous_5)
FN:62,aptStyler
FN:63,(anonymous_7)
FNF:8
FNH:6
FNDA:212,rgb
FNDA:112,textColor
FNDA:0,interpolateRGB
FNDA:12,(anonymous_3)
FNDA:12,(anonymous_4)
FNDA:0,(anonymous_5)
FNDA:12,aptStyler
FNDA:12,(anonymous_7)
DA:4,212
DA:6,212
DA:10,112
DA:11,0
DA:13,112
DA:14,0
DA:17,112
DA:21,0
DA:22,0
DA:23,0
DA:24,0
DA:25,0
DA:26,0
DA:28,0
DA:32,4
DA:33,12
DA:34,12
DA:36,12
DA:37,12
DA:39,12
DA:40,0
DA:41,0
DA:42,0
DA:43,0
DA:45,0
DA:46,0
DA:48,0
DA:57,12
DA:63,12
DA:64,12
DA:75,12
DA:78,12
DA:79,12
DA:80,12
DA:81,12
DA:90,12
DA:91,0
DA:92,0
DA:101,0
DA:102,0
DA:103,0
DA:108,0
DA:109,0
DA:118,0
DA:119,0
DA:124,0
DA:129,0
DA:130,0
DA:138,0
DA:148,0
DA:155,12
DA:156,12
DA:157,12
DA:158,12
DA:159,12
DA:165,12
DA:166,0
DA:170,12
LF:58
LH:27
BRDA:10,0,0,0
BRDA:10,0,1,112
BRDA:13,1,0,0
BRDA:13,1,1,112
BRDA:13,2,0,112
BRDA:13,2,1,112
BRDA:13,2,2,0
BRDA:13,2,3,0
BRDA:21,3,0,0
BRDA:21,3,1,0
BRDA:39,4,0,0
BRDA:39,4,1,12
BRDA:39,5,0,12
BRDA:39,5,1,12
BRDA:40,6,0,0
BRDA:40,6,1,0
BRDA:42,7,0,0
BRDA:42,7,1,0
BRDA:46,8,0,0
BRDA:46,8,1,0
BRDA:57,9,0,0
BRDA:57,9,1,12
BRDA:65,10,0,12
BRDA:65,10,1,0
BRDA:65,10,2,0
BRDA:65,10,3,0
BRDA:65,10,4,0
BRDA:65,10,5,0
BRDA:65,10,6,0
BRDA:75,11,0,12
BRDA:75,11,1,0
BRDA:80,12,0,12
BRDA:80,12,1,0
BRDA:90,13,0,12
BRDA:90,13,1,12
BRDA:91,14,0,0
BRDA:91,14,1,0
BRDA:101,15,0,0
BRDA:101,15,1,0
BRDA:102,16,0,0
BRDA:102,16,1,0
BRDA:108,17,0,0
BRDA:108,17,1,0
BRDA:118,18,0,0
BRDA:118,18,1,0
BRDA:119,19,0,0
BRDA:119,19,1,0
BRDA:130,20,0,0
BRDA:130,20,1,0
BRDA:155,21,0,12
BRDA:155,21,1,0
BRDA:159,22,0,12
BRDA:159,22,1,0
BRDA:165,23,0,0
BRDA:165,23,1,12
BRF:55
BRH:16
end_of_record
TN:
SF:src/jsx/components/building/building.jsx
FN:9,(anonymous_0)
FN:11,(anonymous_1)
FN:12,(anonymous_2)
FN:12,(anonymous_3)
FN:13,(anonymous_4)
FN:13,(anonymous_5)
FN:15,(anonymous_6)
FN:15,(anonymous_7)
FN:15,(anonymous_8)
FN:17,(anonymous_9)
FN:31,(anonymous_10)
FN:57,(anonymous_11)
FN:72,(anonymous_12)
FN:102,(anonymous_13)
FN:145,(anonymous_14)
FN:173,(anonymous_15)
FN:192,(anonymous_16)
FN:200,(anonymous_17)
FN:212,(anonymous_18)
FNF:19
FNH:18
FNDA:37,(anonymous_0)
FNDA:69,(anonymous_1)
FNDA:16,(anonymous_2)
FNDA:46,(anonymous_3)
FNDA:6,(anonymous_4)
FNDA:8,(anonymous_5)
FNDA:37,(anonymous_6)
FNDA:276,(anonymous_7)
FNDA:0,(anonymous_8)
FNDA:6,(anonymous_9)
FNDA:8,(anonymous_10)
FNDA:8,(anonymous_11)
FNDA:23,(anonymous_12)
FNDA:23,(anonymous_13)
FNDA:92,(anonymous_14)
FNDA:23,(anonymous_15)
FNDA:112,(anonymous_16)
FNDA:80,(anonymous_17)
FNDA:112,(anonymous_18)
DA:9,37
DA:11,69
DA:12,46
DA:13,8
DA:15,276
DA:17,2
DA:19,6
DA:20,6
DA:23,6
DA:25,6
DA:32,8
DA:57,2
DA:59,8
DA:60,8
DA:63,8
DA:65,8
DA:73,23
DA:102,2
DA:104,23
DA:105,23
DA:108,23
DA:110,23
DA:146,92
DA:147,92
DA:149,92
DA:173,2
DA:174,23
DA:175,23
DA:177,23
DA:192,2
DA:193,112
DA:200,2
DA:201,80
DA:202,5
DA:212,2
DA:213,112
DA:215,112
DA:217,112
DA:218,112
DA:220,112
DA:221,112
LF:41
LH:41
BRDA:111,0,0,8
BRDA:111,0,1,15
BRDA:111,1,0,8
BRDA:111,1,1,15
BRDA:112,2,0,23
BRDA:112,2,1,0
BRDA:120,3,0,3
BRDA:120,3,1,20
BRDA:120,4,0,23
BRDA:120,4,1,3
BRDA:147,5,0,92
BRDA:147,5,1,92
BRDA:178,6,0,8
BRDA:178,6,1,15
BRDA:179,7,0,23
BRDA:179,7,1,15
BRDA:180,8,0,0
BRDA:180,8,1,15
BRDA:181,9,0,0
BRDA:181,9,1,15
BRDA:184,10,0,0
BRDA:184,10,1,23
BRDA:194,11,0,112
BRDA:194,11,1,112
BRDA:194,11,2,80
BRDA:194,11,3,32
BRDA:194,11,4,0
BRDA:201,12,0,75
BRDA:201,12,1,5
BRDA:201,13,0,80
BRDA:201,13,1,80
BRDA:202,14,0,5
BRDA:202,14,1,0
BRDA:215,15,0,100
BRDA:215,15,1,12
BRDA:218,16,0,0
BRDA:218,16,1,112
BRDA:218,17,0,112
BRDA:218,17,1,12
BRDA:220,18,0,0
BRDA:220,18,1,112
BRDA:233,19,0,100
BRDA:233,19,1,12
BRDA:244,20,0,80
BRDA:244,20,1,32
BRDA:245,21,0,112
BRDA:245,21,1,0
BRF:47
BRH:38
end_of_record
TN:
SF:src/jsx/components/building/range.js
FN:1,Range
FNF:1
FNH:1
FNDA:2,Range
DA:2,2
LF:1
LH:1
BRDA:1,0,0,2
BRF:1
BRH:1
end_of_record
TN:
SF:src/jsx/components/common/collapsible.jsx
FN:23,(anonymous_0)
FN:40,(anonymous_1)
FN:41,(anonymous_2)
FN:55,(anonymous_3)
FN:68,(anonymous_4)
FN:72,(anonymous_5)
FN:85,(anonymous_6)
FN:89,(anonymous_7)
FN:92,(anonymous_8)
FN:95,(anonymous_9)
FNF:10
FNH:2
FNDA:136,(anonymous_0)
FNDA:0,(anonymous_1)
FNDA:0,(anonymous_2)
FNDA:0,(anonymous_3)
FNDA:0,(anonymous_4)
FNDA:0,(anonymous_5)
FNDA:0,(anonymous_6)
FNDA:0,(anonymous_7)
FNDA:0,(anonymous_8)
FNDA:5,(anonymous_9)
DA:22,23
DA:23,23
DA:32,136
DA:33,136
DA:34,136
DA:35,136
DA:36,136
DA:37,136
DA:40,136
DA:41,0
DA:42,0
DA:43,0
DA:44,0
DA:45,0
DA:46,0
DA:47,0
DA:52,0
DA:55,136
DA:56,0
DA:58,0
DA:59,0
DA:61,0
DA:63,0
DA:67,0
DA:68,0
DA:69,0
DA:72,136
DA:73,0
DA:75,0
DA:76,0
DA:78,0
DA:80,0
DA:84,0
DA:85,0
DA:86,0
DA:89,136
DA:90,0
DA:91,0
DA:92,0
DA:95,136
DA:103,5
DA:104,5
DA:105,5
DA:106,5
DA:107,38
DA:108,38
DA:111,5
DA:115,5
DA:117,0
DA:119,0
DA:121,0
DA:122,0
DA:123,0
DA:124,0
DA:126,5
DA:127,3
DA:131,136
DA:132,0
DA:135,136
LF:59
LH:25
BRDA:29,0,0,136
BRDA:52,1,0,0
BRDA:52,1,1,0
BRDA:52,2,0,0
BRDA:52,2,1,0
BRDA:61,3,0,0
BRDA:61,3,1,0
BRDA:78,4,0,0
BRDA:78,4,1,0
BRDA:103,5,0,5
BRDA:103,5,1,0
BRDA:107,6,0,5
BRDA:107,6,1,33
BRDA:111,7,0,0
BRDA:111,7,1,5
BRDA:115,8,0,0
BRDA:115,8,1,5
BRDA:121,9,0,0
BRDA:121,9,1,0
BRDA:121,10,0,0
BRDA:121,10,1,0
BRDA:123,11,0,0
BRDA:123,11,1,0
BRDA:123,12,0,0
BRDA:123,12,1,0
BRDA:126,13,0,3
BRDA:126,13,1,2
BRDA:131,14,0,0
BRDA:131,14,1,136
BRDA:131,15,0,136
BRDA:131,15,1,86
BRDA:144,16,0,7
BRDA:144,16,1,129
BRDA:154,17,0,136
BRDA:154,17,1,1
BRF:35
BRH:15
end_of_record
TN:
SF:src/jsx/components/common/confirm-button.jsx
FN:15,(anonymous_0)
FN:26,(anonymous_1)
FN:30,(anonymous_2)
FN:37,(anonymous_3)
FN:55,(anonymous_4)
FN:65,(anonymous_5)
FN:97,(anonymous_6)
FN:101,(anonymous_7)
FN:107,(anonymous_8)
FNF:9
FNH:7
FNDA:21,(anonymous_0)
FNDA:1,(anonymous_1)
FNDA:1,(anonymous_2)
FNDA:0,(anonymous_3)
FNDA:1,(anonymous_4)
FNDA:0,(anonymous_5)
FNDA:21,(anonymous_6)
FNDA:1,(anonymous_7)
FNDA:1,(anonymous_8)
DA:9,6
DA:15,6
DA:26,21
DA:27,1
DA:30,21
DA:31,1
DA:32,1
DA:35,21
DA:36,21
DA:37,0
DA:56,1
DA:57,1
DA:66,0
DA:67,0
DA:79,6
DA:97,6
DA:98,21
DA:99,21
DA:101,21
DA:102,1
DA:103,1
DA:104,1
DA:107,21
DA:108,1
DA:111,21
DA:112,21
DA:113,21
DA:115,21
DA:122,21
LF:29
LH:26
BRDA:60,0,0,21
BRDA:60,0,1,0
BRDA:115,1,0,16
BRDA:115,1,1,5
BRDA:123,2,0,21
BRDA:123,2,1,21
BRF:6
BRH:5
end_of_record
TN:
SF:src/jsx/components/common/copy-paste.jsx
FN:9,CopyPaste
FN:17,(anonymous_1)
FN:19,(anonymous_2)
FN:25,(anonymous_3)
FN:32,(anonymous_4)
FN:36,(anonymous_5)
FN:39,(anonymous_6)
FN:68,(anonymous_7)
FNF:8
FNH:7
FNDA:28,CopyPaste
FNDA:2,(anonymous_1)
FNDA:0,(anonymous_2)
FNDA:1,(anonymous_3)
FNDA:1,(anonymous_4)
FNDA:1,(anonymous_5)
FNDA:1,(anonymous_6)
FNDA:15,(anonymous_7)
DA:10,28
DA:11,28
DA:12,28
DA:13,28
DA:17,28
DA:18,2
DA:19,0
DA:21,2
DA:25,28
DA:26,1
DA:27,1
DA:28,1
DA:32,28
DA:33,1
DA:35,1
DA:36,1
DA:39,28
DA:40,1
DA:41,1
DA:44,28
DA:46,28
DA:68,15
LF:22
LH:21
BRDA:18,0,0,0
BRDA:18,0,1,2
BRDA:18,1,0,2
BRDA:18,1,1,0
BRDA:26,2,0,1
BRDA:26,2,1,0
BRDA:44,3,0,28
BRDA:44,3,1,26
BRDA:51,4,0,28
BRDA:51,4,1,1
BRDA:54,5,0,1
BRDA:54,5,1,27
BRDA:67,6,0,28
BRDA:67,6,1,7
BRF:14
BRH:11
end_of_record
TN:
SF:src/jsx/components/common/dropdown-menu.jsx
FN:5,DropdownMenuItem
FN:13,DropdownMenu
FN:17,(anonymous_2)
FN:17,(anonymous_3)
FN:19,(anonymous_4)
FN:20,(anonymous_5)
FN:26,(anonymous_6)
FN:43,(anonymous_7)
FNF:8
FNH:5
FNDA:34,DropdownMenuItem
FNDA:10,DropdownMenu
FNDA:0,(anonymous_2)
FNDA:0,(anonymous_3)
FNDA:7,(anonymous_4)
FNDA:16,(anonymous_5)
FNDA:7,(anonymous_6)
FNDA:0,(anonymous_7)
DA:6,34
DA:14,10
DA:15,10
DA:17,10
DA:19,10
DA:20,7
DA:21,16
DA:24,7
DA:26,7
DA:27,7
DA:31,10
DA:43,0
LF:12
LH:11
BRDA:21,0,0,15
BRDA:21,0,1,1
BRDA:37,1,0,10
BRDA:37,1,1,0
BRDA:38,2,0,10
BRDA:38,2,1,4
BRDA:42,3,0,4
BRDA:42,3,1,4
BRF:8
BRH:7
end_of_record
TN:
SF:src/jsx/components/common/error-boundary.jsx
FN:7,(anonymous_0)
FN:15,(anonymous_1)
FN:21,(anonymous_2)
FN:31,(anonymous_3)
FN:42,(anonymous_4)
FN:43,(anonymous_5)
FNF:6
FNH:6
FNDA:95,(anonymous_0)
FNDA:2,(anonymous_1)
FNDA:2,(anonymous_2)
FNDA:147,(anonymous_3)
FNDA:58,(anonymous_4)
FNDA:145,(anonymous_5)
DA:8,95
DA:9,93
DA:16,2
DA:22,2
DA:32,147
DA:42,27
DA:43,58
DA:44,145
DA:49,58
LF:9
LH:9
BRDA:23,0,0,2
BRDA:23,0,1,2
BRDA:24,1,0,2
BRDA:24,1,1,0
BRDA:25,2,0,2
BRDA:25,2,1,0
BRDA:26,3,0,2
BRDA:26,3,1,2
BRDA:27,4,0,2
BRDA:27,4,1,2
BRDA:32,5,0,2
BRDA:32,5,1,145
BRF:12
BRH:10
end_of_record
TN:
SF:src/jsx/components/common/filter-elem.jsx
FN:6,translateOpts
FN:7,(anonymous_1)
FN:21,FilterElem
FN:32,(anonymous_3)
FN:42,(anonymous_4)
FNF:5
FNH:4
FNDA:13,translateOpts
FNDA:26,(anonymous_1)
FNDA:13,FilterElem
FNDA:26,(anonymous_3)
FNDA:0,(anonymous_4)
DA:7,13
DA:8,26
DA:10,26
DA:11,0
DA:12,26
DA:13,0
DA:15,26
DA:17,26
DA:30,13
DA:32,26
DA:33,13
DA:34,13
DA:36,13
DA:42,13
DA:44,0
DA:46,0
DA:50,13
DA:52,13
LF:18
LH:14
BRDA:10,0,0,0
BRDA:10,0,1,26
BRDA:12,1,0,0
BRDA:12,1,1,26
BRDA:28,2,0,13
BRDA:32,3,0,13
BRDA:32,3,1,0
BRDA:32,4,0,26
BRDA:32,4,1,0
BRDA:36,5,0,0
BRDA:36,5,1,13
BRDA:36,6,0,13
BRDA:36,6,1,13
BRDA:44,7,0,0
BRDA:44,7,1,0
BRDA:50,8,0,0
BRDA:50,8,1,13
BRDA:50,9,0,0
BRDA:50,9,1,0
BRF:19
BRH:9
end_of_record
TN:
SF:src/jsx/components/common/icon.jsx
FN:76,Icon
FNF:1
FNH:1
FNDA:207,Icon
DA:1,31
DA:77,207
DA:78,0
DA:79,0
DA:82,207
LF:5
LH:3
BRDA:77,0,0,0
BRDA:77,0,1,207
BRF:2
BRH:1
end_of_record
TN:
SF:src/jsx/components/common/info-box.jsx
FN:3,InfoBox
FNF:1
FNH:1
FNDA:31,InfoBox
DA:4,31
DA:5,31
DA:17,0
LF:3
LH:2
BRDA:3,0,0,0
BRDA:4,1,0,31
BRDA:4,1,1,0
BRF:3
BRH:1
end_of_record
TN:
SF:src/jsx/components/common/info-modal.jsx
FN:9,BaseModal
FN:27,(anonymous_1)
FN:36,(anonymous_2)
FN:49,(anonymous_3)
FN:62,(anonymous_4)
FNF:5
FNH:2
FNDA:242,BaseModal
FNDA:0,(anonymous_1)
FNDA:0,(anonymous_2)
FNDA:242,(anonymous_3)
FNDA:0,(anonymous_4)
DA:10,242
DA:11,242
DA:16,242
DA:20,0
DA:22,0
DA:28,0
DA:29,0
DA:30,0
DA:37,0
DA:49,25
DA:50,242
DA:62,25
DA:63,0
LF:13
LH:6
BRDA:16,0,0,242
BRDA:16,0,1,0
BRDA:16,1,0,242
BRDA:16,1,1,242
BRDA:26,2,0,0
BRDA:26,2,1,0
BRDA:41,3,0,0
BRDA:41,3,1,0
BRDA:43,4,0,0
BRDA:43,4,1,0
BRDA:49,5,0,0
BRDA:49,6,0,242
BRDA:49,7,0,242
BRDA:62,8,0,0
BRDA:62,9,0,0
BRDA:62,10,0,0
BRF:16
BRH:5
end_of_record
TN:
SF:src/jsx/components/common/loading-spinner-global.jsx
FN:3,LoadingSpinnerGlobal
FN:16,SmallSpinner
FN:27,BarsRotateFade
FNF:3
FNH:3
FNDA:16,LoadingSpinnerGlobal
FNDA:33,SmallSpinner
FNDA:49,BarsRotateFade
DA:4,16
DA:5,16
DA:13,0
DA:17,33
DA:19,33
DA:28,49
LF:6
LH:5
BRDA:3,0,0,8
BRDA:4,1,0,16
BRDA:4,1,1,0
BRDA:16,2,0,32
BRDA:27,3,0,32
BRDA:27,4,0,32
BRDA:27,5,0,49
BRDA:27,6,0,49
BRDA:27,7,0,11
BRF:9
BRH:8
end_of_record
TN:
SF:src/jsx/components/common/loading-spinner-local.jsx
FN:3,LoadingSpinnerLocal
FNF:1
FNH:1
FNDA:14,LoadingSpinnerLocal
DA:4,14
LF:1
LH:1
BRDA:3,0,0,0
BRDA:4,1,0,9
BRDA:4,1,1,5
BRF:3
BRH:2
end_of_record
TN:
SF:src/jsx/components/common/modal.jsx
FN:17,Modal
FN:33,(anonymous_1)
FN:61,ModalHeader
FN:76,ModalBody
FN:85,ModalTitle
FN:89,ModalFooter
FNF:6
FNH:4
FNDA:119,Modal
FNDA:0,(anonymous_1)
FNDA:31,ModalHeader
FNDA:31,ModalBody
FNDA:19,ModalTitle
FNDA:0,ModalFooter
DA:15,34
DA:18,119
DA:23,119
DA:24,119
DA:25,119
DA:27,119
DA:33,119
DA:35,119
DA:61,34
DA:62,31
DA:64,31
DA:76,34
DA:77,31
DA:78,31
DA:85,34
DA:86,19
DA:89,34
DA:90,0
LF:18
LH:17
BRDA:17,0,0,78
BRDA:37,1,0,119
BRDA:37,1,1,31
BRDA:61,2,0,10
BRDA:67,3,0,31
BRDA:67,3,1,21
BRF:6
BRH:6
end_of_record
TN:
SF:src/jsx/components/common/navtab.jsx
FN:13,NavTab
FN:26,(anonymous_1)
FN:27,(anonymous_2)
FN:33,(anonymous_3)
FN:38,(anonymous_4)
FN:40,(anonymous_5)
FN:49,(anonymous_6)
FN:60,NavTabItem
FNF:8
FNH:7
FNDA:21,NavTab
FNDA:5,(anonymous_1)
FNDA:5,(anonymous_2)
FNDA:5,(anonymous_3)
FNDA:0,(anonymous_4)
FNDA:25,(anonymous_5)
FNDA:63,(anonymous_6)
FNDA:63,NavTabItem
DA:14,21
DA:15,21
DA:18,21
DA:26,21
DA:27,5
DA:28,5
DA:31,5
DA:33,5
DA:34,5
DA:38,21
DA:40,25
DA:42,21
DA:50,63
DA:61,63
LF:14
LH:14
BRDA:13,0,0,0
BRDA:13,1,0,0
BRDA:18,2,0,21
BRDA:18,2,1,0
BRDA:28,3,0,2
BRDA:28,3,1,3
BRF:6
BRH:3
end_of_record
TN:
SF:src/jsx/components/common/notification-dismissable.jsx
FN:3,NotificationDismissable
FNF:1
FNH:1
FNDA:4,NotificationDismissable
DA:4,4
DA:5,4
LF:2
LH:2
BRDA:4,0,0,1
BRDA:4,0,1,3
BRF:2
BRH:2
end_of_record
TN:
SF:src/jsx/components/common/notification.jsx
FN:10,Notification
FNF:1
FNH:1
FNDA:16,Notification
DA:11,16
LF:1
LH:1
BRDA:10,0,0,2
BRDA:10,1,0,16
BRF:2
BRH:2
end_of_record
TN:
SF:src/jsx/components/common/richtext.jsx
FN:10,Zoom
FN:27,serializer
FN:49,RichText
FNF:3
FNH:0
FNDA:0,Zoom
FNDA:0,serializer
FNDA:0,RichText
DA:8,1
DA:11,0
DA:13,0
DA:28,0
DA:30,0
DA:37,0
DA:50,0
DA:53,1
LF:8
LH:2
BRDA:20,0,0,0
BRDA:20,0,1,0
BRDA:28,1,0,0
BRDA:28,1,1,0
BRDA:32,2,0,0
BRDA:32,2,1,0
BRF:6
BRH:0
end_of_record
TN:
SF:src/jsx/components/common/select.jsx
FN:14,(anonymous_0)
FN:23,(anonymous_1)
FN:41,(anonymous_2)
FN:44,(anonymous_3)
FN:52,(anonymous_4)
FN:55,(anonymous_5)
FN:61,(anonymous_6)
FN:64,(anonymous_7)
FNF:8
FNH:6
FNDA:23,(anonymous_0)
FNDA:60,(anonymous_1)
FNDA:9,(anonymous_2)
FNDA:0,(anonymous_3)
FNDA:178,(anonymous_4)
FNDA:10,(anonymous_5)
FNDA:60,(anonymous_6)
FNDA:0,(anonymous_7)
DA:13,24
DA:14,23
DA:23,60
DA:41,24
DA:42,9
DA:44,9
DA:45,9
DA:47,9
DA:52,24
DA:53,178
DA:55,178
DA:56,178
DA:58,178
DA:61,24
DA:62,60
DA:64,60
DA:65,60
DA:67,60
LF:18
LH:18
BRF:0
BRH:0
end_of_record
TN:
SF:src/jsx/components/common/setbacks.jsx
FN:30,(anonymous_0)
FN:32,(anonymous_1)
FN:33,(anonymous_2)
FN:35,(anonymous_3)
FN:46,(anonymous_4)
FN:71,(anonymous_5)
FN:88,(anonymous_6)
FN:105,(anonymous_7)
FN:106,(anonymous_8)
FN:109,(anonymous_9)
FN:113,(anonymous_10)
FN:134,(anonymous_11)
FN:167,(anonymous_12)
FN:181,(anonymous_13)
FN:209,(anonymous_14)
FN:229,(anonymous_15)
FN:243,(anonymous_16)
FN:250,(anonymous_17)
FN:251,(anonymous_18)
FN:263,(anonymous_19)
FN:266,(anonymous_20)
FN:278,(anonymous_21)
FN:281,(anonymous_22)
FN:297,(anonymous_23)
FN:298,(anonymous_24)
FN:320,(anonymous_25)
FN:375,(anonymous_26)
FN:401,(anonymous_27)
FNF:28
FNH:5
FNDA:11,(anonymous_0)
FNDA:9,(anonymous_1)
FNDA:24,(anonymous_2)
FNDA:21,(anonymous_3)
FNDA:35,(anonymous_4)
FNDA:0,(anonymous_5)
FNDA:0,(anonymous_6)
FNDA:0,(anonymous_7)
FNDA:0,(anonymous_8)
FNDA:0,(anonymous_9)
FNDA:0,(anonymous_10)
FNDA:0,(anonymous_11)
FNDA:0,(anonymous_12)
FNDA:0,(anonymous_13)
FNDA:0,(anonymous_14)
FNDA:0,(anonymous_15)
FNDA:0,(anonymous_16)
FNDA:0,(anonymous_17)
FNDA:0,(anonymous_18)
FNDA:0,(anonymous_19)
FNDA:0,(anonymous_20)
FNDA:0,(anonymous_21)
FNDA:0,(anonymous_22)
FNDA:0,(anonymous_23)
FNDA:0,(anonymous_24)
FNDA:0,(anonymous_25)
FNDA:0,(anonymous_26)
FNDA:0,(anonymous_27)
DA:30,1
DA:32,11
DA:33,24
DA:35,21
DA:36,2
DA:37,1
DA:42,1
DA:46,35
DA:47,5
DA:48,3
DA:53,2
DA:58,4
DA:59,2
DA:64,2
DA:71,1
DA:72,0
DA:73,0
DA:75,0
DA:77,0
DA:82,0
DA:88,1
DA:89,0
DA:92,0
DA:93,0
DA:95,0
DA:96,0
DA:99,0
DA:100,0
DA:105,0
DA:106,0
DA:109,0
DA:110,0
DA:113,0
DA:116,0
DA:117,0
DA:118,0
DA:121,0
DA:125,0
DA:135,0
DA:167,1
DA:168,0
DA:169,0
DA:181,1
DA:203,0
DA:204,0
DA:210,0
DA:217,0
DA:218,0
DA:220,0
DA:230,0
DA:243,1
DA:244,0
DA:245,0
DA:247,0
DA:250,0
DA:251,0
DA:254,0
DA:263,1
DA:266,1
DA:278,1
DA:281,1
DA:297,0
DA:298,0
DA:306,1
DA:320,1
DA:328,0
DA:376,0
DA:401,0
LF:68
LH:25
BRDA:32,0,0,11
BRDA:32,0,1,4
BRDA:32,0,2,9
BRDA:35,1,0,2
BRDA:35,1,1,9
BRDA:36,2,0,1
BRDA:36,2,1,1
BRDA:46,3,0,5
BRDA:46,3,1,4
BRDA:47,4,0,3
BRDA:47,4,1,2
BRDA:58,5,0,2
BRDA:58,5,1,2
BRDA:72,6,0,0
BRDA:72,6,1,0
BRDA:75,7,0,0
BRDA:75,7,1,0
BRDA:92,8,0,0
BRDA:92,8,1,0
BRDA:95,9,0,0
BRDA:95,9,1,0
BRDA:117,10,0,0
BRDA:117,10,1,0
BRDA:121,11,0,0
BRDA:121,11,1,0
BRDA:135,12,0,0
BRDA:135,12,1,0
BRDA:217,13,0,0
BRDA:217,13,1,0
BRDA:247,14,0,0
BRDA:247,14,1,0
BRDA:249,15,0,0
BRDA:249,15,1,0
BRDA:250,16,0,0
BRDA:250,16,1,0
BRDA:251,17,0,0
BRDA:251,17,1,0
BRDA:268,18,0,0
BRDA:268,18,1,0
BRDA:269,19,0,0
BRDA:269,19,1,0
BRDA:270,20,0,0
BRDA:270,20,1,0
BRDA:272,21,0,0
BRDA:272,21,1,0
BRDA:273,22,0,0
BRDA:273,22,1,0
BRDA:274,23,0,0
BRDA:274,23,1,0
BRDA:331,24,0,0
BRDA:331,24,1,0
BRDA:376,25,0,0
BRDA:376,25,1,0
BRDA:408,26,0,0
BRDA:408,26,1,0
BRF:55
BRH:13
end_of_record
TN:
SF:src/jsx/components/common/site-picker.jsx
FN:16,SiteButton
FN:20,(anonymous_1)
FN:43,(anonymous_2)
FN:63,(anonymous_3)
FN:65,(anonymous_4)
FN:65,(anonymous_5)
FN:70,(anonymous_6)
FN:74,(anonymous_7)
FN:74,(anonymous_8)
FN:79,(anonymous_9)
FN:79,(anonymous_10)
FN:80,(anonymous_11)
FN:85,(anonymous_12)
FN:89,(anonymous_13)
FN:93,(anonymous_14)
FN:94,(anonymous_15)
FN:104,(anonymous_16)
FN:110,(anonymous_17)
FN:165,(anonymous_18)
FN:196,(anonymous_19)
FNF:20
FNH:8
FNDA:7,SiteButton
FNDA:14,(anonymous_1)
FNDA:5,(anonymous_2)
FNDA:7,(anonymous_3)
FNDA:0,(anonymous_4)
FNDA:0,(anonymous_5)
FNDA:0,(anonymous_6)
FNDA:7,(anonymous_7)
FNDA:0,(anonymous_8)
FNDA:3,(anonymous_9)
FNDA:0,(anonymous_10)
FNDA:0,(anonymous_11)
FNDA:0,(anonymous_12)
FNDA:5,(anonymous_13)
FNDA:0,(anonymous_14)
FNDA:0,(anonymous_15)
FNDA:0,(anonymous_16)
FNDA:0,(anonymous_17)
FNDA:7,(anonymous_18)
FNDA:0,(anonymous_19)
DA:14,4
DA:19,7
DA:20,14
DA:22,7
DA:43,4
DA:53,5
DA:54,5
DA:56,5
DA:57,5
DA:59,5
DA:60,5
DA:62,5
DA:63,7
DA:65,5
DA:66,0
DA:67,0
DA:70,5
DA:71,0
DA:74,7
DA:75,0
DA:76,0
DA:79,5
DA:80,0
DA:82,0
DA:85,5
DA:86,0
DA:89,5
DA:90,5
DA:93,5
DA:94,0
DA:95,0
DA:99,5
DA:101,5
DA:104,5
DA:105,0
DA:110,0
DA:118,5
DA:119,5
DA:121,5
DA:166,7
DA:197,0
LF:41
LH:28
BRDA:19,0,0,7
BRDA:19,0,1,0
BRDA:21,1,0,0
BRDA:21,1,1,0
BRDA:23,2,0,0
BRDA:23,2,1,7
BRDA:29,3,0,0
BRDA:29,3,1,7
BRDA:46,4,0,3
BRDA:47,5,0,3
BRDA:48,6,0,3
BRDA:49,7,0,3
BRDA:50,8,0,3
BRDA:51,9,0,3
BRDA:59,10,0,5
BRDA:59,10,1,3
BRDA:62,11,0,3
BRDA:62,11,1,2
BRDA:62,12,0,5
BRDA:62,12,1,3
BRDA:124,13,0,5
BRDA:124,13,1,5
BRDA:148,14,0,5
BRDA:148,14,1,3
BRDA:153,15,0,0
BRDA:153,15,1,3
BRDA:163,16,0,5
BRDA:163,16,1,1
BRDA:181,17,0,5
BRDA:181,17,1,3
BRDA:185,18,0,0
BRDA:185,18,1,3
BRF:32
BRH:25
end_of_record
TN:
[...]
FNDA:0,(anonymous_39)
FNDA:0,(anonymous_40)
FNDA:0,(anonymous_41)
FNDA:0,(anonymous_42)
FNDA:0,(anonymous_43)
FNDA:0,(anonymous_44)
FNDA:0,(anonymous_45)
FNDA:0,(anonymous_46)
FNDA:0,(anonymous_47)
FNDA:1,(anonymous_48)
FNDA:15,(anonymous_49)
FNDA:1,(anonymous_50)
FNDA:2,(anonymous_51)
FNDA:0,(anonymous_52)
FNDA:0,(anonymous_53)
FNDA:0,(anonymous_54)
FNDA:0,(anonymous_55)
FNDA:2,(anonymous_56)
FNDA:0,(anonymous_57)
FNDA:5,(anonymous_58)
FNDA:1,(anonymous_59)
FNDA:2,(anonymous_60)
FNDA:0,(anonymous_61)
FNDA:0,(anonymous_62)
FNDA:0,(anonymous_63)
FNDA:0,(anonymous_64)
FNDA:0,(anonymous_65)
FNDA:0,(anonymous_66)
FNDA:0,(anonymous_67)
FNDA:0,(anonymous_68)
FNDA:0,(anonymous_69)
FNDA:4,(anonymous_70)
FNDA:0,(anonymous_71)
FNDA:4,(anonymous_72)
FNDA:6,(anonymous_73)
FNDA:0,(anonymous_74)
FNDA:0,(anonymous_75)
FNDA:0,(anonymous_76)
FNDA:0,(anonymous_77)
FNDA:0,(anonymous_78)
FNDA:0,(anonymous_79)
FNDA:0,(anonymous_80)
FNDA:0,(anonymous_81)
FNDA:4,(anonymous_82)
FNDA:0,(anonymous_83)
FNDA:0,(anonymous_84)
FNDA:0,(anonymous_85)
FNDA:0,(anonymous_86)
FNDA:0,(anonymous_87)
FNDA:4,(anonymous_88)
FNDA:1,(anonymous_89)
FNDA:1,(anonymous_90)
FNDA:0,(anonymous_91)
FNDA:3,(anonymous_92)
FNDA:4,(anonymous_93)
FNDA:0,(anonymous_94)
FNDA:0,(anonymous_95)
FNDA:0,(anonymous_96)
FNDA:0,(anonymous_97)
FNDA:0,(anonymous_98)
FNDA:5,(anonymous_99)
FNDA:0,(anonymous_100)
FNDA:0,(anonymous_101)
FNDA:0,(anonymous_102)
FNDA:0,(anonymous_103)
FNDA:10,(anonymous_104)
FNDA:0,(anonymous_105)
FNDA:4,(anonymous_106)
FNDA:0,(anonymous_107)
FNDA:4,(anonymous_108)
FNDA:0,(anonymous_109)
FNDA:2,(anonymous_110)
FNDA:0,(anonymous_111)
FNDA:0,(anonymous_112)
FNDA:0,(anonymous_113)
FNDA:0,(anonymous_114)
FNDA:0,(anonymous_115)
FNDA:0,(anonymous_116)
FNDA:0,(anonymous_117)
FNDA:0,(anonymous_118)
FNDA:0,(anonymous_119)
FNDA:0,(anonymous_120)
FNDA:0,(anonymous_121)
FNDA:0,(anonymous_122)
FNDA:0,(anonymous_123)
FNDA:0,(anonymous_124)
FNDA:0,(anonymous_125)
FNDA:9,(anonymous_126)
FNDA:0,(anonymous_127)
FNDA:0,(anonymous_128)
FNDA:0,(anonymous_129)
FNDA:7,(anonymous_130)
FNDA:0,(anonymous_131)
FNDA:0,(anonymous_132)
FNDA:0,(anonymous_133)
FNDA:0,(anonymous_134)
FNDA:1,(anonymous_135)
FNDA:11,(anonymous_136)
FNDA:0,(anonymous_137)
FNDA:0,(anonymous_138)
FNDA:0,(anonymous_139)
FNDA:0,(anonymous_140)
FNDA:0,(anonymous_141)
FNDA:0,(anonymous_142)
DA:3,76
DA:9,0
DA:13,0
DA:17,0
DA:18,0
DA:19,0
DA:21,0
DA:25,0
DA:29,0
DA:30,0
DA:31,0
DA:33,0
DA:34,0
DA:36,0
DA:37,0
DA:39,0
DA:40,0
DA:42,0
DA:43,0
DA:45,0
DA:46,0
DA:48,0
DA:52,0
DA:56,0
DA:60,0
DA:64,0
DA:68,21
DA:69,21
DA:70,0
DA:72,21
DA:73,0
DA:75,21
DA:79,0
DA:83,0
DA:86,0
DA:89,0
DA:92,0
DA:95,0
DA:98,0
DA:101,0
DA:105,0
DA:109,0
DA:113,0
DA:117,0
DA:121,0
DA:125,0
DA:129,0
DA:133,1
DA:137,0
DA:140,0
DA:144,0
DA:147,0
DA:161,0
DA:162,0
DA:164,0
DA:169,0
DA:179,0
DA:187,0
DA:189,0
DA:190,0
DA:191,0
DA:193,0
DA:196,0
DA:198,0
DA:203,0
DA:204,0
DA:205,0
DA:206,0
DA:208,0
DA:222,76
DA:224,0
DA:228,0
DA:234,2
DA:241,1
DA:242,0
DA:247,0
DA:251,0
DA:255,0
DA:259,0
DA:269,0
DA:273,0
DA:277,0
DA:278,0
DA:279,0
DA:280,0
DA:281,0
DA:282,0
DA:286,0
DA:290,1
DA:293,15
DA:295,1
DA:298,2
DA:302,0
DA:306,0
DA:310,0
DA:314,0
DA:318,2
DA:331,0
DA:334,0
DA:336,0
DA:340,5
DA:344,1
DA:348,2
DA:352,0
DA:356,0
DA:359,0
DA:363,0
DA:367,0
DA:370,0
DA:373,0
DA:376,0
DA:379,0
DA:382,4
DA:385,0
DA:388,4
DA:391,6
DA:394,0
DA:397,0
DA:408,0
DA:410,0
DA:411,0
DA:414,0
DA:415,0
DA:418,0
DA:419,0
DA:422,0
DA:426,0
DA:436,0
DA:438,0
DA:448,0
DA:452,0
DA:456,0
DA:469,4
DA:471,4
DA:474,0
DA:477,0
DA:479,0
DA:484,0
DA:487,0
DA:490,4
DA:493,1
DA:496,1
DA:499,0
DA:502,3
DA:505,4
DA:508,0
DA:515,0
DA:519,0
DA:522,0
DA:535,0
DA:539,5
DA:543,0
DA:549,0
DA:552,0
DA:555,0
DA:556,0
DA:557,0
DA:560,10
DA:563,0
DA:566,4
DA:569,0
DA:574,4
DA:577,0
DA:580,2
DA:583,0
DA:586,0
DA:589,0
DA:592,0
DA:595,0
DA:598,0
DA:602,0
DA:603,0
DA:604,0
DA:606,0
DA:613,0
DA:614,0
DA:615,0
DA:616,0
DA:617,0
DA:619,0
DA:624,0
DA:626,0
DA:630,9
DA:631,0
DA:632,0
DA:634,0
DA:635,7
DA:636,0
DA:638,0
DA:639,0
DA:641,0
DA:642,1
DA:643,11
DA:644,0
DA:645,0
DA:646,0
DA:647,0
DA:648,0
DA:649,0
LF:199
LH:36
BRDA:16,0,0,0
BRDA:18,1,0,0
BRDA:18,1,1,0
BRDA:21,2,0,0
BRDA:21,2,1,0
BRDA:28,3,0,0
BRDA:30,4,0,0
BRDA:30,4,1,0
BRDA:33,5,0,0
BRDA:33,5,1,0
BRDA:36,6,0,0
BRDA:36,6,1,0
BRDA:39,7,0,0
BRDA:39,7,1,0
BRDA:42,8,0,0
BRDA:42,8,1,0
BRDA:45,9,0,0
BRDA:45,9,1,0
BRDA:48,10,0,0
BRDA:48,10,1,0
BRDA:69,11,0,0
BRDA:69,11,1,21
BRDA:72,12,0,0
BRDA:72,12,1,21
BRDA:75,13,0,0
BRDA:75,13,1,21
BRDA:79,14,0,0
BRDA:79,14,1,0
BRDA:161,15,0,0
BRDA:161,15,1,0
BRDA:179,16,0,0
BRDA:179,16,1,0
BRDA:179,17,0,0
BRDA:179,17,1,0
BRDA:189,18,0,0
BRDA:189,18,1,0
BRDA:190,19,0,0
BRDA:190,19,1,0
BRDA:203,20,0,0
BRDA:203,20,1,0
BRDA:204,21,0,0
BRDA:204,21,1,0
BRDA:205,22,0,0
BRDA:205,22,1,0
BRDA:206,23,0,0
BRDA:206,23,1,0
BRDA:206,24,0,0
BRDA:206,24,1,0
BRDA:279,25,0,0
BRDA:279,25,1,0
BRDA:280,26,0,0
BRDA:280,26,1,0
BRDA:281,27,0,0
BRDA:281,27,1,0
BRDA:282,28,0,0
BRDA:282,28,1,0
BRDA:334,29,0,0
BRDA:334,29,1,0
BRDA:334,30,0,0
BRDA:334,30,1,0
BRDA:336,31,0,0
BRDA:336,31,1,0
BRDA:410,32,0,0
BRDA:410,32,1,0
BRDA:410,33,0,0
BRDA:410,33,1,0
BRDA:414,34,0,0
BRDA:414,34,1,0
BRDA:414,35,0,0
BRDA:414,35,1,0
BRDA:418,36,0,0
BRDA:418,36,1,0
BRDA:418,37,0,0
BRDA:418,37,1,0
BRDA:438,38,0,0
BRDA:438,38,1,0
BRDA:471,39,0,0
BRDA:471,39,1,4
BRDA:603,40,0,0
BRDA:603,40,1,0
BRF:80
BRH:4
end_of_record
TN:
SF:src/jsx/utils/path-tools.js
FN:82,(anonymous_0)
FN:86,(anonymous_1)
FN:90,(anonymous_2)
FN:94,(anonymous_3)
FN:98,(anonymous_4)
FN:102,(anonymous_5)
FN:107,(anonymous_6)
FN:111,(anonymous_7)
FN:115,(anonymous_8)
FN:119,(anonymous_9)
FN:123,(anonymous_10)
FN:127,(anonymous_11)
FN:132,(anonymous_12)
FN:136,(anonymous_13)
FN:140,(anonymous_14)
FN:144,(anonymous_15)
FN:149,(anonymous_16)
FN:153,(anonymous_17)
FN:157,(anonymous_18)
FN:161,(anonymous_19)
FN:165,(anonymous_20)
FN:169,(anonymous_21)
FN:173,(anonymous_22)
FN:179,(anonymous_23)
FN:183,(anonymous_24)
FN:187,(anonymous_25)
FN:192,(anonymous_26)
FN:197,(anonymous_27)
FN:207,(anonymous_28)
FN:211,(anonymous_29)
FN:215,(anonymous_30)
FN:219,(anonymous_31)
FN:223,(anonymous_32)
FN:227,(anonymous_33)
FN:234,(anonymous_34)
FN:238,(anonymous_35)
FN:242,(anonymous_36)
FN:246,(anonymous_37)
FN:250,(anonymous_38)
FN:254,(anonymous_39)
FN:258,(anonymous_40)
FN:262,(anonymous_41)
FN:266,(anonymous_42)
FN:270,(anonymous_43)
FN:275,(anonymous_44)
FN:279,(anonymous_45)
FN:283,(anonymous_46)
FN:287,(anonymous_47)
FN:291,(anonymous_48)
FN:295,(anonymous_49)
FN:302,(anonymous_50)
FN:409,(anonymous_51)
FN:414,(anonymous_52)
FN:418,(anonymous_53)
FNF:54
FNH:0
FNDA:0,(anonymous_0)
FNDA:0,(anonymous_1)
FNDA:0,(anonymous_2)
FNDA:0,(anonymous_3)
FNDA:0,(anonymous_4)
FNDA:0,(anonymous_5)
FNDA:0,(anonymous_6)
FNDA:0,(anonymous_7)
FNDA:0,(anonymous_8)
FNDA:0,(anonymous_9)
FNDA:0,(anonymous_10)
FNDA:0,(anonymous_11)
FNDA:0,(anonymous_12)
FNDA:0,(anonymous_13)
FNDA:0,(anonymous_14)
FNDA:0,(anonymous_15)
FNDA:0,(anonymous_16)
FNDA:0,(anonymous_17)
FNDA:0,(anonymous_18)
FNDA:0,(anonymous_19)
FNDA:0,(anonymous_20)
FNDA:0,(anonymous_21)
FNDA:0,(anonymous_22)
FNDA:0,(anonymous_23)
FNDA:0,(anonymous_24)
FNDA:0,(anonymous_25)
FNDA:0,(anonymous_26)
FNDA:0,(anonymous_27)
FNDA:0,(anonymous_28)
FNDA:0,(anonymous_29)
FNDA:0,(anonymous_30)
FNDA:0,(anonymous_31)
FNDA:0,(anonymous_32)
FNDA:0,(anonymous_33)
FNDA:0,(anonymous_34)
FNDA:0,(anonymous_35)
FNDA:0,(anonymous_36)
FNDA:0,(anonymous_37)
FNDA:0,(anonymous_38)
FNDA:0,(anonymous_39)
FNDA:0,(anonymous_40)
FNDA:0,(anonymous_41)
FNDA:0,(anonymous_42)
FNDA:0,(anonymous_43)
FNDA:0,(anonymous_44)
FNDA:0,(anonymous_45)
FNDA:0,(anonymous_46)
FNDA:0,(anonymous_47)
FNDA:0,(anonymous_48)
FNDA:0,(anonymous_49)
FNDA:0,(anonymous_50)
FNDA:0,(anonymous_51)
FNDA:0,(anonymous_52)
FNDA:0,(anonymous_53)
DA:1,5
DA:82,0
DA:86,0
DA:90,0
DA:94,0
DA:98,0
DA:102,0
DA:107,0
DA:111,0
DA:115,0
DA:119,0
DA:123,0
DA:127,0
DA:132,0
DA:136,0
DA:140,0
DA:144,0
DA:149,0
DA:153,0
DA:157,0
DA:161,0
DA:165,0
DA:169,0
DA:173,0
DA:179,0
DA:183,0
DA:187,0
DA:192,0
DA:197,0
DA:207,0
DA:211,0
DA:215,0
DA:219,0
DA:223,0
DA:227,0
DA:234,0
DA:238,0
DA:242,0
DA:246,0
DA:250,0
DA:254,0
DA:258,0
DA:262,0
DA:266,0
DA:270,0
DA:275,0
DA:279,0
DA:283,0
DA:287,0
DA:291,0
DA:295,0
DA:303,0
DA:304,0
DA:305,0
DA:306,0
DA:307,0
DA:308,0
DA:309,0
DA:310,0
DA:311,0
DA:312,0
DA:313,0
DA:314,0
DA:315,0
DA:316,0
DA:317,0
DA:318,0
DA:319,0
DA:321,0
DA:322,0
DA:323,0
DA:324,0
DA:325,0
DA:326,0
DA:327,0
DA:328,0
DA:329,0
DA:330,0
DA:331,0
DA:332,0
DA:333,0
DA:335,0
DA:336,0
DA:337,0
DA:338,0
DA:339,0
DA:340,0
DA:341,0
DA:342,0
DA:343,0
DA:344,0
DA:345,0
DA:346,0
DA:347,0
DA:348,0
DA:349,0
DA:351,0
DA:352,0
DA:353,0
DA:354,0
DA:355,0
DA:356,0
DA:357,0
DA:358,0
DA:359,0
DA:360,0
DA:361,0
DA:362,0
DA:363,0
DA:364,0
DA:365,0
DA:366,0
DA:367,0
DA:368,0
DA:369,0
DA:370,0
DA:371,0
DA:372,0
DA:373,0
DA:375,0
DA:376,0
DA:377,0
DA:379,0
DA:380,0
DA:382,0
DA:385,0
DA:386,0
DA:387,0
DA:388,0
DA:389,0
DA:390,0
DA:391,0
DA:392,0
DA:393,0
DA:394,0
DA:395,0
DA:396,0
DA:397,0
DA:398,0
DA:399,0
DA:400,0
DA:401,0
DA:402,0
DA:403,0
DA:404,0
DA:407,0
DA:409,0
DA:415,0
DA:416,0
DA:418,0
LF:150
LH:1
BRDA:303,0,0,0
BRDA:303,0,1,0
BRDA:305,1,0,0
BRDA:305,1,1,0
BRDA:307,2,0,0
BRDA:307,2,1,0
BRDA:308,3,0,0
BRDA:308,3,1,0
BRDA:310,4,0,0
BRDA:310,4,1,0
BRDA:312,5,0,0
BRDA:312,5,1,0
BRDA:314,6,0,0
BRDA:314,6,1,0
BRDA:316,7,0,0
BRDA:316,7,1,0
BRDA:318,8,0,0
BRDA:318,8,1,0
BRDA:321,9,0,0
BRDA:321,9,1,0
BRDA:323,10,0,0
BRDA:323,10,1,0
BRDA:323,11,0,0
BRDA:323,11,1,0
BRDA:325,12,0,0
BRDA:325,12,1,0
BRDA:325,13,0,0
BRDA:325,13,1,0
BRDA:327,14,0,0
BRDA:327,14,1,0
BRDA:328,15,0,0
BRDA:328,15,1,0
BRDA:330,16,0,0
BRDA:330,16,1,0
BRDA:332,17,0,0
BRDA:332,17,1,0
BRDA:335,18,0,0
BRDA:335,18,1,0
BRDA:336,19,0,0
BRDA:336,19,1,0
BRDA:338,20,0,0
BRDA:338,20,1,0
BRDA:340,21,0,0
BRDA:340,21,1,0
BRDA:342,22,0,0
BRDA:342,22,1,0
BRDA:344,23,0,0
BRDA:344,23,1,0
BRDA:346,24,0,0
BRDA:346,24,1,0
BRDA:348,25,0,0
BRDA:348,25,1,0
BRDA:351,26,0,0
BRDA:351,26,1,0
BRDA:353,27,0,0
BRDA:353,27,1,0
BRDA:355,28,0,0
BRDA:355,28,1,0
BRDA:357,29,0,0
BRDA:357,29,1,0
BRDA:359,30,0,0
BRDA:359,30,1,0
BRDA:361,31,0,0
BRDA:361,31,1,0
BRDA:362,32,0,0
BRDA:362,32,1,0
BRDA:364,33,0,0
BRDA:364,33,1,0
BRDA:366,34,0,0
BRDA:366,34,1,0
BRDA:368,35,0,0
BRDA:368,35,1,0
BRDA:370,36,0,0
BRDA:370,36,1,0
BRDA:372,37,0,0
BRDA:372,37,1,0
BRDA:375,38,0,0
BRDA:375,38,1,0
BRDA:376,39,0,0
BRDA:376,39,1,0
BRDA:379,40,0,0
BRDA:379,40,1,0
BRDA:382,41,0,0
BRDA:382,41,1,0
BRDA:385,42,0,0
BRDA:385,42,1,0
BRDA:387,43,0,0
BRDA:387,43,1,0
BRDA:389,44,0,0
BRDA:389,44,1,0
BRDA:391,45,0,0
BRDA:391,45,1,0
BRDA:393,46,0,0
BRDA:393,46,1,0
BRDA:395,47,0,0
BRDA:395,47,1,0
BRDA:397,48,0,0
BRDA:397,48,1,0
BRDA:399,49,0,0
BRDA:399,49,1,0
BRDA:401,50,0,0
BRDA:401,50,1,0
BRDA:403,51,0,0
BRDA:403,51,1,0
BRDA:416,52,0,0
BRDA:416,52,1,0
BRF:106
BRH:0
end_of_record
TN:
SF:src/jsx/utils/points.js
FN:387,(anonymous_0)
FN:399,(anonymous_1)
FN:409,(anonymous_2)
FN:418,(anonymous_3)
FN:419,(anonymous_4)
FN:427,(anonymous_5)
FN:449,(anonymous_6)
FN:477,(anonymous_7)
FN:485,(anonymous_8)
FNF:9
FNH:9
FNDA:35,(anonymous_0)
FNDA:3,(anonymous_1)
FNDA:3,(anonymous_2)
FNDA:5,(anonymous_3)
FNDA:6,(anonymous_4)
FNDA:10,(anonymous_5)
FNDA:471,(anonymous_6)
FNDA:14,(anonymous_7)
FNDA:48,(anonymous_8)
DA:3,16
DA:5,16
DA:257,16
DA:346,16
DA:386,16
DA:388,35
DA:400,3
DA:401,3
DA:402,2
DA:405,1
DA:406,1
DA:410,3
DA:419,6
DA:428,10
DA:450,471
DA:452,471
DA:453,471
DA:454,471
DA:455,471
DA:456,471
DA:457,471
DA:458,471
DA:459,471
DA:460,471
DA:461,44
DA:463,427
DA:464,427
DA:465,427
DA:467,427
DA:468,427
DA:471,471
DA:472,0
DA:474,471
DA:478,14
DA:480,14
DA:482,14
DA:486,48
DA:488,48
DA:489,48
DA:491,0
LF:40
LH:38
BRDA:388,0,0,35
BRDA:388,0,1,1
BRDA:401,1,0,2
BRDA:401,1,1,1
BRDA:410,2,0,3
BRDA:410,2,1,1
BRDA:410,2,2,1
BRDA:419,3,0,3
BRDA:419,3,1,2
BRDA:450,4,0,0
BRDA:450,4,1,471
BRDA:452,5,0,471
BRDA:452,5,1,0
BRDA:453,6,0,471
BRDA:453,6,1,208
BRDA:454,7,0,471
BRDA:454,7,1,144
BRDA:455,8,0,471
BRDA:455,8,1,427
BRDA:456,9,0,471
BRDA:456,9,1,471
BRDA:457,10,0,471
BRDA:457,10,1,263
BRDA:458,11,0,471
BRDA:458,11,1,401
BRDA:459,12,0,471
BRDA:459,12,1,401
BRDA:459,12,2,225
BRDA:460,13,0,44
BRDA:460,13,1,427
BRDA:461,14,0,44
BRDA:461,14,1,0
BRDA:464,15,0,427
BRDA:464,15,1,0
BRDA:467,16,0,427
BRDA:467,16,1,0
BRDA:468,17,0,427
BRDA:468,17,1,0
BRDA:471,18,0,0
BRDA:471,18,1,471
BRDA:480,19,0,0
BRDA:480,19,1,14
BRDA:486,20,0,0
BRDA:486,20,1,48
BRDA:489,21,0,48
BRDA:489,21,1,0
BRF:46
BRH:36
end_of_record
TN:
SF:src/jsx/utils/quick-input.jsx
FN:15,(anonymous_0)
FN:20,(anonymous_1)
FN:27,(anonymous_2)
FN:38,(anonymous_3)
FN:48,(anonymous_4)
FN:48,(anonymous_5)
FN:50,(anonymous_6)
FN:55,(anonymous_7)
FN:70,(anonymous_8)
FN:119,(anonymous_9)
FNF:10
FNH:0
FNDA:0,(anonymous_0)
FNDA:0,(anonymous_1)
FNDA:0,(anonymous_2)
FNDA:0,(anonymous_3)
FNDA:0,(anonymous_4)
FNDA:0,(anonymous_5)
FNDA:0,(anonymous_6)
FNDA:0,(anonymous_7)
FNDA:0,(anonymous_8)
FNDA:0,(anonymous_9)
DA:13,1
DA:15,0
DA:20,0
DA:27,0
DA:35,1
DA:36,1
DA:38,1
DA:39,0
DA:40,0
DA:41,0
DA:42,0
DA:43,0
DA:45,0
DA:48,1
DA:50,1
DA:59,0
DA:61,0
DA:62,0
DA:64,0
DA:65,0
DA:66,0
DA:68,0
DA:70,0
DA:71,0
DA:73,0
DA:75,0
DA:76,0
DA:77,0
DA:79,0
DA:81,0
DA:82,0
DA:83,0
DA:86,0
DA:87,0
DA:90,0
DA:91,0
DA:92,0
DA:95,0
DA:96,0
DA:97,0
DA:100,0
DA:101,0
DA:102,0
DA:104,0
DA:107,0
DA:108,0
DA:110,0
DA:111,0
DA:114,0
DA:119,0
LF:50
LH:6
BRDA:39,0,0,0
BRDA:39,0,1,0
BRDA:40,1,0,0
BRDA:40,1,1,0
BRDA:40,1,2,0
BRDA:41,2,0,0
BRDA:41,2,1,0
BRDA:41,3,0,0
BRDA:41,3,1,0
BRDA:42,4,0,0
BRDA:42,4,1,0
BRDA:42,5,0,0
BRDA:42,5,1,0
BRDA:43,6,0,0
BRDA:43,6,1,0
BRDA:43,7,0,0
BRDA:43,7,1,0
BRDA:52,8,0,0
BRDA:53,9,0,0
BRDA:55,10,0,0
BRDA:56,11,0,0
BRDA:57,12,0,0
BRDA:58,13,0,0
BRDA:64,14,0,0
BRDA:64,14,1,0
BRDA:75,15,0,0
BRDA:75,15,1,0
BRDA:75,16,0,0
BRDA:75,16,1,0
BRDA:75,16,2,0
BRDA:75,16,3,0
BRDA:75,16,4,0
BRDA:81,17,0,0
BRDA:81,17,1,0
BRDA:81,18,0,0
BRDA:81,18,1,0
BRDA:86,19,0,0
BRDA:86,19,1,0
BRDA:86,20,0,0
BRDA:86,20,1,0
BRDA:86,20,2,0
BRDA:90,21,0,0
BRDA:90,21,1,0
BRDA:90,22,0,0
BRDA:90,22,1,0
BRDA:95,23,0,0
BRDA:95,23,1,0
BRDA:95,24,0,0
BRDA:95,24,1,0
BRDA:101,25,0,0
BRDA:101,25,1,0
BRDA:107,26,0,0
BRDA:107,26,1,0
BRDA:107,27,0,0
BRDA:107,27,1,0
BRDA:107,27,2,0
BRDA:110,28,0,0
BRDA:110,28,1,0
BRDA:110,29,0,0
BRDA:110,29,1,0
BRDA:122,30,0,0
BRDA:122,30,1,0
BRF:62
BRH:0
end_of_record
TN:
SF:src/jsx/utils/sidebar.jsx
FN:9,Sidebar
FN:14,(anonymous_1)
FN:15,(anonymous_2)
FN:23,(anonymous_3)
FN:28,(anonymous_4)
FN:29,(anonymous_5)
FN:35,(anonymous_6)
FNF:7
FNH:6
FNDA:13,Sidebar
FNDA:13,(anonymous_1)
FNDA:5,(anonymous_2)
FNDA:13,(anonymous_3)
FNDA:6,(anonymous_4)
FNDA:0,(anonymous_5)
FNDA:6,(anonymous_6)
DA:10,13
DA:12,13
DA:14,13
DA:15,13
DA:16,5
DA:17,0
DA:21,13
DA:23,13
DA:24,13
DA:28,13
DA:29,6
DA:30,0
DA:33,6
DA:35,6
DA:36,6
DA:41,13
DA:45,13
DA:46,13
DA:47,13
DA:48,13
DA:49,13
DA:51,13
DA:53,13
LF:23
LH:21
BRDA:9,0,0,3
BRDA:9,1,0,3
BRDA:9,2,0,8
BRDA:16,3,0,0
BRDA:16,3,1,5
BRDA:16,4,0,5
BRDA:16,4,1,2
BRDA:41,5,0,13
BRDA:41,5,1,0
BRDA:46,6,0,8
BRDA:46,6,1,5
BRDA:48,7,0,5
BRDA:48,7,1,8
BRDA:55,8,0,13
BRDA:55,8,1,0
BRF:15
BRH:12
end_of_record
TN:
SF:src/jsx/utils/site-filters.js
FN:7,(anonymous_0)
FN:20,(anonymous_1)
FN:24,(anonymous_2)
FN:34,(anonymous_3)
FN:35,(anonymous_4)
FN:46,(anonymous_5)
FN:47,(anonymous_6)
FN:50,(anonymous_7)
FN:55,(anonymous_8)
FN:60,(anonymous_9)
FN:62,(anonymous_10)
FN:66,(anonymous_11)
FN:83,(anonymous_12)
FNF:13
FNH:12
FNDA:5,(anonymous_0)
FNDA:5,(anonymous_1)
FNDA:9,(anonymous_2)
FNDA:7,(anonymous_3)
FNDA:7,(anonymous_4)
FNDA:7,(anonymous_5)
FNDA:7,(anonymous_6)
FNDA:9,(anonymous_7)
FNDA:17,(anonymous_8)
FNDA:63,(anonymous_9)
FNDA:90,(anonymous_10)
FNDA:54,(anonymous_11)
FNDA:0,(anonymous_12)
DA:7,5
DA:8,5
DA:10,1
DA:12,1
DA:14,3
DA:16,0
DA:20,5
DA:21,5
DA:23,5
DA:25,9
DA:27,9
DA:28,5
DA:29,5
DA:30,0
DA:32,5
DA:34,7
DA:35,7
DA:36,5
DA:37,0
DA:39,5
DA:44,4
DA:46,7
DA:47,7
DA:50,9
DA:52,5
DA:55,5
DA:56,17
DA:57,10
DA:60,7
DA:61,63
DA:62,63
DA:63,90
DA:64,45
DA:66,45
DA:67,54
DA:73,35
DA:77,45
DA:78,14
DA:81,45
DA:82,0
DA:83,0
DA:84,0
DA:85,0
DA:88,0
DA:89,0
DA:92,45
DA:93,30
DA:99,63
DA:100,27
DA:102,63
LF:50
LH:41
BRDA:8,0,0,1
BRDA:8,0,1,1
BRDA:8,0,2,3
BRDA:8,0,3,0
BRDA:27,1,0,5
BRDA:27,1,1,4
BRDA:29,2,0,0
BRDA:29,2,1,5
BRDA:36,3,0,0
BRDA:36,3,1,5
BRDA:36,4,0,5
BRDA:36,4,1,5
BRDA:56,5,0,10
BRDA:56,5,1,7
BRDA:63,6,0,45
BRDA:63,6,1,45
BRDA:63,7,0,90
BRDA:63,7,1,45
BRDA:67,8,0,35
BRDA:67,8,1,19
BRDA:68,9,0,54
BRDA:68,9,1,36
BRDA:68,9,2,36
BRDA:68,9,3,24
BRDA:77,10,0,14
BRDA:77,10,1,31
BRDA:77,11,0,45
BRDA:77,11,1,14
BRDA:81,12,0,0
BRDA:81,12,1,45
BRDA:84,13,0,0
BRDA:84,13,1,0
BRDA:88,14,0,0
BRDA:88,14,1,0
BRDA:92,15,0,30
BRDA:92,15,1,15
BRDA:99,16,0,27
BRDA:99,16,1,36
BRF:38
BRH:30
end_of_record
TN:
SF:src/jsx/utils/site-history.js
FN:12,(anonymous_0)
FN:21,(anonymous_1)
FNF:2
FNH:2
FNDA:9,(anonymous_0)
FNDA:12,(anonymous_1)
DA:12,16
DA:13,9
DA:14,6
DA:16,6
DA:17,1
DA:20,6
DA:21,12
DA:22,6
LF:8
LH:8
BRDA:13,0,0,6
BRDA:13,0,1,3
BRDA:13,1,0,9
BRDA:13,1,1,7
BRDA:16,2,0,1
BRDA:16,2,1,5
BRF:6
BRH:6
end_of_record
TN:
SF:src/jsx/utils/sites.jsx
FN:17,(anonymous_0)
FN:64,(anonymous_1)
FN:79,(anonymous_2)
FN:104,(anonymous_3)
FN:126,(anonymous_4)
FNF:5
FNH:1
FNDA:0,(anonymous_0)
FNDA:0,(anonymous_1)
FNDA:13,(anonymous_2)
FNDA:0,(anonymous_3)
FNDA:0,(anonymous_4)
DA:6,2
DA:9,2
DA:11,2
DA:19,0
DA:21,0
DA:22,0
DA:24,0
DA:25,0
DA:27,0
DA:28,0
DA:30,0
DA:31,0
DA:33,0
DA:34,0
DA:36,0
DA:37,0
DA:39,0
DA:40,0
DA:42,0
DA:43,0
DA:45,0
DA:46,0
DA:48,0
DA:54,0
DA:56,0
DA:65,0
DA:80,13
DA:81,12
DA:82,12
DA:83,4
DA:84,8
DA:85,4
DA:87,4
DA:90,1
DA:105,0
DA:106,0
DA:107,0
DA:108,0
DA:109,0
DA:110,0
DA:112,0
DA:115,0
DA:126,2
DA:127,0
DA:128,0
DA:129,0
DA:130,0
DA:131,0
DA:132,0
DA:133,0
DA:135,0
DA:136,0
DA:137,0
DA:138,0
DA:139,0
DA:140,0
DA:143,0
DA:144,0
DA:145,0
DA:148,0
LF:60
LH:12
BRDA:19,0,0,0
BRDA:19,0,1,0
BRDA:19,0,2,0
BRDA:19,0,3,0
BRDA:19,0,4,0
BRDA:19,0,5,0
BRDA:19,0,6,0
BRDA:19,0,7,0
BRDA:19,0,8,0
BRDA:19,0,9,0
BRDA:80,1,0,12
BRDA:80,1,1,1
BRDA:82,2,0,4
BRDA:82,2,1,8
BRDA:84,3,0,4
BRDA:84,3,1,4
BRDA:106,4,0,0
BRDA:106,4,1,0
BRDA:108,5,0,0
BRDA:108,5,1,0
BRDA:135,6,0,0
BRDA:135,6,1,0
BRDA:138,7,0,0
BRDA:138,7,1,0
BRDA:138,8,0,0
BRDA:138,8,1,0
BRDA:143,9,0,0
BRDA:143,9,1,0
BRDA:143,10,0,0
BRDA:143,10,1,0
BRF:30
BRH:6
end_of_record
TN:
SF:src/jsx/utils/sys-user.js
FN:8,getSystemUserName
FNF:1
FNH:0
FNDA:0,getSystemUserName
DA:9,0
DA:10,0
DA:11,0
DA:13,0
LF:4
LH:0
BRDA:10,0,0,0
BRDA:10,0,1,0
BRF:2
BRH:0
end_of_record
TN:
SF:src/jsx/utils/tags.js
FN:4,(anonymous_0)
FN:13,(anonymous_1)
FN:22,(anonymous_2)
FN:28,(anonymous_3)
FN:31,(anonymous_4)
FN:33,(anonymous_5)
FN:47,(anonymous_6)
FNF:7
FNH:7
FNDA:22,(anonymous_0)
FNDA:12,(anonymous_1)
FNDA:32,(anonymous_2)
FNDA:2,(anonymous_3)
FNDA:3,(anonymous_4)
FNDA:4,(anonymous_5)
FNDA:2,(anonymous_6)
DA:1,19
DA:3,19
DA:5,22
DA:7,22
DA:12,19
DA:14,12
DA:16,12
DA:21,19
DA:23,32
DA:28,19
DA:30,2
DA:31,2
DA:32,3
DA:33,3
DA:34,4
DA:35,2
DA:37,2
DA:43,2
DA:44,2
DA:47,2
DA:48,2
DA:49,1
DA:51,1
DA:55,2
LF:24
LH:24
BRDA:7,0,0,22
BRDA:7,0,1,22
BRDA:7,0,2,15
BRDA:7,0,3,14
BRDA:16,1,0,12
BRDA:16,1,1,10
BRDA:32,2,0,3
BRDA:32,2,1,0
BRDA:32,3,0,3
BRDA:32,3,1,3
BRDA:34,4,0,2
BRDA:34,4,1,2
BRDA:48,5,0,1
BRDA:48,5,1,1
BRF:14
BRH:13
end_of_record
TN:
SF:src/jsx/utils/timezones.jsx
FN:3,(anonymous_0)
FN:7,(anonymous_1)
FN:11,(anonymous_2)
FN:21,(anonymous_3)
FN:29,(anonymous_4)
FNF:5
FNH:0
FNDA:0,(anonymous_0)
FNDA:0,(anonymous_1)
FNDA:0,(anonymous_2)
FNDA:0,(anonymous_3)
FNDA:0,(anonymous_4)
DA:3,1
DA:4,0
DA:6,0
DA:8,0
DA:11,0
DA:12,0
DA:20,1
DA:24,0
DA:26,0
DA:28,0
DA:30,0
DA:34,0
DA:36,0
DA:38,0
LF:14
LH:2
BRDA:4,0,0,0
BRDA:4,0,1,0
BRDA:6,1,0,0
BRDA:6,1,1,0
BRF:4
BRH:0
end_of_record
TN:
SF:src/jsx/utils/user_session.js
FN:21,(anonymous_0)
FN:25,(anonymous_1)
FNF:2
FNH:0
FNDA:0,(anonymous_0)
FNDA:0,(anonymous_1)
DA:21,72
DA:22,0
DA:25,72
DA:26,0
DA:28,0
DA:29,0
DA:30,0
DA:31,0
DA:32,0
DA:33,0
DA:34,0
DA:35,0
DA:36,0
DA:37,0
DA:38,0
DA:39,0
DA:40,0
DA:41,0
DA:42,0
LF:19
LH:2
BRDA:26,0,0,0
BRDA:26,0,1,0
BRF:2
BRH:0
end_of_record
